[T 09:07:00 12256] Initializing tracer.
[T 09:07:00 12256] Initializing tags.
[T 09:07:00 12256] CodeQL CLI version 2.18.0
[T 09:07:00 12256] Initializing tracer.
[T 09:07:00 12256] Initializing tags.
[T 09:07:00 12256] Allocated ID D233E4F600002FE0_0000000000000001 (parent )
[T 09:07:00 12256] ==== Candidate to intercept: C:\Program Files\codeql\tools\win64\runner.exe (24976) ====
[T 09:07:00 12256] Executing the following tracer actions:
[T 09:07:00 12256] Tracer actions:
[T 09:07:00 12256] pre_invocations(0)
[T 09:07:00 12256] post_invocations(0)
[T 09:07:00 12256] trace_languages(1): [go]
[T 09:07:00 24976] Initializing tracer.
[T 09:07:00 24976] Initializing tags.
[T 09:07:00 24976] ID set to D233E4F600002FE0_0000000000000001 (parent root)
[T 09:07:00 24976] Allocated ID 087D404600006190_0000000000000001 (parent D233E4F600002FE0_0000000000000001)
[T 09:07:00 24976] ==== Candidate to intercept: C:\Windows\System32\cmd.exe (9968) ====
[T 09:07:00 24976] Executing the following tracer actions:
[T 09:07:00 24976] Tracer actions:
[T 09:07:00 24976] pre_invocations(0)
[T 09:07:00 24976] post_invocations(0)
[T 09:07:00 24976] trace_languages(1): [go]
[T 09:07:00 9968] Initializing tracer.
[T 09:07:00 9968] Initializing tags.
[T 09:07:00 9968] ID set to 087D404600006190_0000000000000001 (parent D233E4F600002FE0_0000000000000001)
[T 09:07:00 9968] Allocated ID 39BE3D0D000026F0_0000000000000001 (parent 087D404600006190_0000000000000001)
[T 09:07:00 9968] ==== Candidate to intercept: C:\Program Files\codeql\go\tools\win64\go-autobuilder.exe (6760) ====
[T 09:07:00 9968] Lua: === Intercepted call to c:\program files\codeql\go\tools\win64\go-autobuilder.exe ===
[T 09:07:00 9968] Lua: Disabling tracing for language go.
[T 09:07:00 9968] Executing the following tracer actions:
[T 09:07:00 9968] Tracer actions:
[T 09:07:00 9968] pre_invocations(0)
[T 09:07:00 9968] post_invocations(0)
[T 09:07:00 9968] trace_languages(0): []
[T 09:07:00 6760] Initializing tracer.
[T 09:07:00 6760] Initializing tags.
[T 09:07:00 6760] ID set to 39BE3D0D000026F0_0000000000000001 (parent 087D404600006190_0000000000000001)
[T 09:07:00 6760] Skipping tracer hook installation due to rpc being absent, or it being disabled.

[T 09:08:39 4276] Initializing tracer.
[T 09:08:39 4276] Initializing tags.
[T 09:08:39 4276] CodeQL CLI version 2.18.0
[T 09:08:39 4276] Initializing tracer.
[T 09:08:39 4276] Initializing tags.
[T 09:08:39 4276] Allocated ID 8984A18B000010B4_0000000000000001 (parent )
[T 09:08:39 4276] ==== Candidate to intercept: C:\Program Files\codeql\tools\win64\runner.exe (20388) ====
[T 09:08:39 4276] Executing the following tracer actions:
[T 09:08:39 4276] Tracer actions:
[T 09:08:39 4276] pre_invocations(0)
[T 09:08:39 4276] post_invocations(0)
[T 09:08:39 4276] trace_languages(1): [go]
[T 09:08:39 20388] Initializing tracer.
[T 09:08:39 20388] Initializing tags.
[T 09:08:39 20388] ID set to 8984A18B000010B4_0000000000000001 (parent root)
[T 09:08:39 20388] Allocated ID 04E9BA5800004FA4_0000000000000001 (parent 8984A18B000010B4_0000000000000001)
[T 09:08:39 20388] ==== Candidate to intercept: C:\Windows\System32\cmd.exe (6868) ====
[T 09:08:39 20388] Executing the following tracer actions:
[T 09:08:39 20388] Tracer actions:
[T 09:08:39 20388] pre_invocations(0)
[T 09:08:39 20388] post_invocations(0)
[T 09:08:39 20388] trace_languages(1): [go]
[T 09:08:39 6868] Initializing tracer.
[T 09:08:39 6868] Initializing tags.
[T 09:08:39 6868] ID set to 04E9BA5800004FA4_0000000000000001 (parent 8984A18B000010B4_0000000000000001)
[T 09:08:39 6868] Allocated ID 1C9E13FF00001AD4_0000000000000001 (parent 04E9BA5800004FA4_0000000000000001)
[T 09:08:39 6868] ==== Candidate to intercept: C:\Program Files\codeql\go\tools\win64\go-autobuilder.exe (23848) ====
[T 09:08:39 6868] Lua: === Intercepted call to c:\program files\codeql\go\tools\win64\go-autobuilder.exe ===
[T 09:08:39 6868] Lua: Disabling tracing for language go.
[T 09:08:39 6868] Executing the following tracer actions:
[T 09:08:39 6868] Tracer actions:
[T 09:08:39 6868] pre_invocations(0)
[T 09:08:39 6868] post_invocations(0)
[T 09:08:39 6868] trace_languages(0): []
[T 09:08:39 23848] Initializing tracer.
[T 09:08:39 23848] Initializing tags.
[T 09:08:39 23848] ID set to 1C9E13FF00001AD4_0000000000000001 (parent 04E9BA5800004FA4_0000000000000001)
[T 09:08:39 23848] Skipping tracer hook installation due to rpc being absent, or it being disabled.

[T 09:10:02 2236] Initializing tracer.
[T 09:10:02 2236] Initializing tags.
[T 09:10:02 2236] CodeQL CLI version 2.18.0
[T 09:10:02 2236] Initializing tracer.
[T 09:10:02 2236] Initializing tags.
[T 09:10:02 2236] Allocated ID 7987A6EF000008BC_0000000000000001 (parent )
[T 09:10:02 2236] ==== Candidate to intercept: C:\Program Files\codeql\tools\win64\runner.exe (5076) ====
[T 09:10:02 2236] Executing the following tracer actions:
[T 09:10:02 2236] Tracer actions:
[T 09:10:02 2236] pre_invocations(0)
[T 09:10:02 2236] post_invocations(0)
[T 09:10:02 2236] trace_languages(1): [go]
[T 09:10:02 5076] Initializing tracer.
[T 09:10:02 5076] Initializing tags.
[T 09:10:02 5076] ID set to 7987A6EF000008BC_0000000000000001 (parent root)
[T 09:10:02 5076] Allocated ID 580344A7000013D4_0000000000000001 (parent 7987A6EF000008BC_0000000000000001)
[T 09:10:02 5076] ==== Candidate to intercept: C:\Windows\System32\cmd.exe (24120) ====
[T 09:10:02 5076] Executing the following tracer actions:
[T 09:10:02 5076] Tracer actions:
[T 09:10:02 5076] pre_invocations(0)
[T 09:10:02 5076] post_invocations(0)
[T 09:10:02 5076] trace_languages(1): [go]
[T 09:10:02 24120] Initializing tracer.
[T 09:10:02 24120] Initializing tags.
[T 09:10:02 24120] ID set to 580344A7000013D4_0000000000000001 (parent 7987A6EF000008BC_0000000000000001)
[T 09:10:02 24120] Allocated ID 61FD6EB000005E38_0000000000000001 (parent 580344A7000013D4_0000000000000001)
[T 09:10:02 24120] ==== Candidate to intercept: C:\Program Files\codeql\go\tools\win64\go-autobuilder.exe (14980) ====
[T 09:10:02 24120] Lua: === Intercepted call to c:\program files\codeql\go\tools\win64\go-autobuilder.exe ===
[T 09:10:02 24120] Lua: Disabling tracing for language go.
[T 09:10:02 24120] Executing the following tracer actions:
[T 09:10:02 24120] Tracer actions:
[T 09:10:02 24120] pre_invocations(0)
[T 09:10:02 24120] post_invocations(0)
[T 09:10:02 24120] trace_languages(0): []
[T 09:10:02 14980] Initializing tracer.
[T 09:10:02 14980] Initializing tags.
[T 09:10:02 14980] ID set to 61FD6EB000005E38_0000000000000001 (parent 580344A7000013D4_0000000000000001)
[T 09:10:02 14980] Skipping tracer hook installation due to rpc being absent, or it being disabled.

[T 16:07:18 14680] Initializing tracer.
[T 16:07:18 14680] Initializing tags.
[T 16:07:18 14680] CodeQL CLI version 2.18.0
[T 16:07:18 14680] Initializing tracer.
[T 16:07:18 14680] Initializing tags.
[T 16:07:18 14680] Allocated ID 4D5DF45B00003958_0000000000000001 (parent )
[T 16:07:18 14680] ==== Candidate to intercept: C:\Program Files\codeql\tools\win64\runner.exe (22400) ====
[T 16:07:18 14680] Executing the following tracer actions:
[T 16:07:18 14680] Tracer actions:
[T 16:07:18 14680] pre_invocations(0)
[T 16:07:18 14680] post_invocations(0)
[T 16:07:18 14680] trace_languages(1): [go]
[T 16:07:19 22400] Initializing tracer.
[T 16:07:19 22400] Initializing tags.
[T 16:07:19 22400] ID set to 4D5DF45B00003958_0000000000000001 (parent root)
[T 16:07:19 22400] Allocated ID 97E772D200005780_0000000000000001 (parent 4D5DF45B00003958_0000000000000001)
[T 16:07:19 22400] ==== Candidate to intercept: C:\Windows\System32\cmd.exe (13416) ====
[T 16:07:19 22400] Executing the following tracer actions:
[T 16:07:19 22400] Tracer actions:
[T 16:07:19 22400] pre_invocations(0)
[T 16:07:19 22400] post_invocations(0)
[T 16:07:19 22400] trace_languages(1): [go]
[T 16:07:19 13416] Initializing tracer.
[T 16:07:19 13416] Initializing tags.
[T 16:07:19 13416] ID set to 97E772D200005780_0000000000000001 (parent 4D5DF45B00003958_0000000000000001)
[T 16:07:19 13416] Allocated ID 32FF4F6500003468_0000000000000001 (parent 97E772D200005780_0000000000000001)
[T 16:07:19 13416] ==== Candidate to intercept: C:\Program Files\codeql\go\tools\win64\go-autobuilder.exe (25240) ====
[T 16:07:19 13416] Lua: === Intercepted call to c:\program files\codeql\go\tools\win64\go-autobuilder.exe ===
[T 16:07:19 13416] Lua: Disabling tracing for language go.
[T 16:07:19 13416] Executing the following tracer actions:
[T 16:07:19 13416] Tracer actions:
[T 16:07:19 13416] pre_invocations(0)
[T 16:07:19 13416] post_invocations(0)
[T 16:07:19 13416] trace_languages(0): []
[T 16:07:19 25240] Initializing tracer.
[T 16:07:19 25240] Initializing tags.
[T 16:07:19 25240] ID set to 32FF4F6500003468_0000000000000001 (parent 97E772D200005780_0000000000000001)
[T 16:07:19 25240] Skipping tracer hook installation due to rpc being absent, or it being disabled.

[T 04:14:56 6472] Initializing tracer.
[T 04:14:56 6472] Initializing tags.
[T 04:14:56 6472] CodeQL CLI version 2.18.0
[T 04:14:56 6472] Initializing tracer.
[T 04:14:56 6472] Initializing tags.
[T 04:14:56 6472] Allocated ID 6C509A6D00001948_0000000000000001 (parent )
[T 04:14:56 6472] ==== Candidate to intercept: C:\Program Files\codeql\tools\win64\runner.exe (18456) ====
[T 04:14:56 6472] Executing the following tracer actions:
[T 04:14:56 6472] Tracer actions:
[T 04:14:56 6472] pre_invocations(0)
[T 04:14:56 6472] post_invocations(0)
[T 04:14:56 6472] trace_languages(1): [go]
[T 04:14:56 18456] Initializing tracer.
[T 04:14:56 18456] Initializing tags.
[T 04:14:56 18456] ID set to 6C509A6D00001948_0000000000000001 (parent root)
[T 04:14:56 18456] Allocated ID 3F45B49A00004818_0000000000000001 (parent 6C509A6D00001948_0000000000000001)
[T 04:14:56 18456] ==== Candidate to intercept: C:\Windows\System32\cmd.exe (21616) ====
[T 04:14:56 18456] Executing the following tracer actions:
[T 04:14:56 18456] Tracer actions:
[T 04:14:56 18456] pre_invocations(0)
[T 04:14:56 18456] post_invocations(0)
[T 04:14:56 18456] trace_languages(1): [go]
[T 04:14:56 21616] Initializing tracer.
[T 04:14:56 21616] Initializing tags.
[T 04:14:56 21616] ID set to 3F45B49A00004818_0000000000000001 (parent 6C509A6D00001948_0000000000000001)
[T 04:14:56 21616] Allocated ID 38178B7A00005470_0000000000000001 (parent 3F45B49A00004818_0000000000000001)
[T 04:14:56 21616] ==== Candidate to intercept: C:\Program Files\codeql\go\tools\win64\go-autobuilder.exe (11400) ====
[T 04:14:56 21616] Lua: === Intercepted call to c:\program files\codeql\go\tools\win64\go-autobuilder.exe ===
[T 04:14:56 21616] Lua: Disabling tracing for language go.
[T 04:14:56 21616] Executing the following tracer actions:
[T 04:14:56 21616] Tracer actions:
[T 04:14:56 21616] pre_invocations(0)
[T 04:14:56 21616] post_invocations(0)
[T 04:14:56 21616] trace_languages(0): []
[T 04:14:56 11400] Initializing tracer.
[T 04:14:56 11400] Initializing tags.
[T 04:14:56 11400] ID set to 38178B7A00005470_0000000000000001 (parent 3F45B49A00004818_0000000000000001)
[T 04:14:56 11400] Skipping tracer hook installation due to rpc being absent, or it being disabled.

[T 18:09:18 23456] Initializing tracer.
[T 18:09:18 23456] Initializing tags.
[T 18:09:18 23456] CodeQL CLI version 2.18.0
[T 18:09:18 23456] Initializing tracer.
[T 18:09:18 23456] Initializing tags.
[T 18:09:18 23456] Allocated ID ADE1BB8000005BA0_0000000000000001 (parent )
[T 18:09:18 23456] ==== Candidate to intercept: C:\Program Files\codeql\tools\win64\runner.exe (18636) ====
[T 18:09:18 23456] Executing the following tracer actions:
[T 18:09:18 23456] Tracer actions:
[T 18:09:18 23456] pre_invocations(0)
[T 18:09:18 23456] post_invocations(0)
[T 18:09:18 23456] trace_languages(1): [go]
[T 18:09:18 18636] Initializing tracer.
[T 18:09:18 18636] Initializing tags.
[T 18:09:18 18636] ID set to ADE1BB8000005BA0_0000000000000001 (parent root)
[T 18:09:19 18636] Allocated ID 0EAF5482000048CC_0000000000000001 (parent ADE1BB8000005BA0_0000000000000001)
[T 18:09:19 18636] ==== Candidate to intercept: C:\Windows\System32\cmd.exe (30096) ====
[T 18:09:19 18636] Executing the following tracer actions:
[T 18:09:19 18636] Tracer actions:
[T 18:09:19 18636] pre_invocations(0)
[T 18:09:19 18636] post_invocations(0)
[T 18:09:19 18636] trace_languages(1): [go]
[T 18:09:19 30096] Initializing tracer.
[T 18:09:19 30096] Initializing tags.
[T 18:09:19 30096] ID set to 0EAF5482000048CC_0000000000000001 (parent ADE1BB8000005BA0_0000000000000001)
[T 18:09:19 30096] Allocated ID 5E2149B000007590_0000000000000001 (parent 0EAF5482000048CC_0000000000000001)
[T 18:09:19 30096] ==== Candidate to intercept: C:\Program Files\codeql\go\tools\win64\go-autobuilder.exe (15404) ====
[T 18:09:19 30096] Lua: === Intercepted call to c:\program files\codeql\go\tools\win64\go-autobuilder.exe ===
[T 18:09:19 30096] Lua: Disabling tracing for language go.
[T 18:09:19 30096] Executing the following tracer actions:
[T 18:09:19 30096] Tracer actions:
[T 18:09:19 30096] pre_invocations(0)
[T 18:09:19 30096] post_invocations(0)
[T 18:09:19 30096] trace_languages(0): []
[T 18:09:19 15404] Initializing tracer.
[T 18:09:19 15404] Initializing tags.
[T 18:09:19 15404] ID set to 5E2149B000007590_0000000000000001 (parent 0EAF5482000048CC_0000000000000001)
[T 18:09:19 15404] Skipping tracer hook installation due to rpc being absent, or it being disabled.

