[2024-07-20 16:04:18] This is codeql execute queries -J-Xmx3271M --off-heap-ram=4071 --verbosity=progress --logdir=C:\Users\TwinIsland\Desktop\unimp-checker\simpler-go-db\log --evaluator-log-level=5 --warnings=show --qlconfig-file=C:\Users\TwinIsland\Desktop\unimp-checker\qlconfig.yml --no-rerun --output=C:\Users\TwinIsland\Desktop\unimp-checker\simpler-go-db\results -- C:\Users\TwinIsland\Desktop\unimp-checker\simpler-go-db\db-go .\codeql-custom-queries-go\script.ql
[2024-07-20 16:04:18] Calling plumbing command: codeql resolve queries --qlconfig-file=C:\Users\TwinIsland\Desktop\unimp-checker\qlconfig.yml --format=json -- .\codeql-custom-queries-go\script.ql
[2024-07-20 16:04:18] [PROGRESS] resolve queries> Recording pack reference getting-started/codeql-extra-queries-go at C:\Users\TwinIsland\Desktop\unimp-checker\codeql-custom-queries-go.
[2024-07-20 16:04:18] Plumbing command codeql resolve queries completed:
                      [
                        "C:\\Users\\TwinIsland\\Desktop\\unimp-checker\\codeql-custom-queries-go\\script.ql"
                      ]
[2024-07-20 16:04:18] Refusing fancy output: The terminal is not an xterm: 
[2024-07-20 16:04:18] Creating executor with 1 threads.
[2024-07-20 16:04:18] Exception caught at top level: Error initializing the IMB disk cache: the cache directory is already locked by another running process. Only one instance of the IMB can access a cache directory at a time. The lock file is located at C:\Users\TwinIsland\Desktop\unimp-checker\simpler-go-db\db-go\default\cache\.lock
                      (eventual cause: OverlappingFileLockException)
                      com.semmle.inmemory.caching.RelationCacheImpl.takeFilesystemLock(RelationCacheImpl.java:357)
                      com.semmle.inmemory.caching.RelationCacheImpl.create(RelationCacheImpl.java:112)
                      com.semmle.inmemory.scheduler.EvaluationSchedule.<init>(EvaluationSchedule.java:91)
                      com.semmle.inmemory.caching.RelationManager.<init>(RelationManager.java:64)
                      com.semmle.inmemory.MemoryBackend.<init>(MemoryBackend.java:129)
                      com.semmle.cli2.ql.EvaluationCommon.<init>(EvaluationCommon.java:101)
                      com.semmle.cli2.ql.EvaluationCommon.<init>(EvaluationCommon.java:71)
                      com.semmle.cli2.execute.ExecuteQueriesCommand.executeSubcommand(ExecuteQueriesCommand.java:474)
                      com.semmle.cli2.picocli.SubcommandCommon.lambda$executeSubcommandWithMessages$5(SubcommandCommon.java:863)
                      com.semmle.cli2.picocli.SubcommandCommon.withCompilationMessages(SubcommandCommon.java:442)
                      com.semmle.cli2.picocli.SubcommandCommon.executeSubcommandWithMessages(SubcommandCommon.java:861)
                      com.semmle.cli2.picocli.SubcommandCommon.toplevelMain(SubcommandCommon.java:745)
                      com.semmle.cli2.picocli.SubcommandCommon.call(SubcommandCommon.java:726)
                      com.semmle.cli2.picocli.SubcommandMaker.runMain(SubcommandMaker.java:237)
                      com.semmle.cli2.picocli.SubcommandMaker.runMain(SubcommandMaker.java:257)
                      com.semmle.cli2.CodeQL.main(CodeQL.java:115)
                      
                       ... caused by:
                      
                      java.nio.channels.OverlappingFileLockException
                      com.semmle.util.files.FileSystemLock.<init>(FileSystemLock.java:74)
                      com.semmle.inmemory.caching.RelationCacheImpl.takeFilesystemLock(RelationCacheImpl.java:353)
                      com.semmle.inmemory.caching.RelationCacheImpl.create(RelationCacheImpl.java:112)
                      com.semmle.inmemory.scheduler.EvaluationSchedule.<init>(EvaluationSchedule.java:91)
                      com.semmle.inmemory.caching.RelationManager.<init>(RelationManager.java:64)
                      com.semmle.inmemory.MemoryBackend.<init>(MemoryBackend.java:129)
                      com.semmle.cli2.ql.EvaluationCommon.<init>(EvaluationCommon.java:101)
                      com.semmle.cli2.ql.EvaluationCommon.<init>(EvaluationCommon.java:71)
                      com.semmle.cli2.execute.ExecuteQueriesCommand.executeSubcommand(ExecuteQueriesCommand.java:474)
                      com.semmle.cli2.picocli.SubcommandCommon.lambda$executeSubcommandWithMessages$5(SubcommandCommon.java:863)
                      com.semmle.cli2.picocli.SubcommandCommon.withCompilationMessages(SubcommandCommon.java:442)
                      com.semmle.cli2.picocli.SubcommandCommon.executeSubcommandWithMessages(SubcommandCommon.java:861)
                      com.semmle.cli2.picocli.SubcommandCommon.toplevelMain(SubcommandCommon.java:745)
                      com.semmle.cli2.picocli.SubcommandCommon.call(SubcommandCommon.java:726)
                      com.semmle.cli2.picocli.SubcommandMaker.runMain(SubcommandMaker.java:237)
                      com.semmle.cli2.picocli.SubcommandMaker.runMain(SubcommandMaker.java:257)
                      com.semmle.cli2.CodeQL.main(CodeQL.java:115)
