[2024-09-01 16:42:54] This is codeql database create real_db -s ./database --language=go --overwrite
[2024-09-01 16:42:54] Log file was started late.
[2024-09-01 16:42:54] [PROGRESS] database create> Initializing database at C:\Users\Twisl\Desktop\unimp-checker\real_db.
[2024-09-01 16:42:54] Running plumbing command: codeql database init --overwrite --language=go --extractor-options-verbosity=1 --qlconfig-file=C:\Users\Twisl\Desktop\unimp-checker\qlconfig.yml --source-root=C:\Users\Twisl\Desktop\unimp-checker\database --allow-missing-source-root=false --allow-already-existing -- C:\Users\Twisl\Desktop\unimp-checker\real_db
[2024-09-01 16:42:54] Exception caught at top level: Invalid source root: C:\Users\Twisl\Desktop\unimp-checker\database.
                      com.semmle.cli2.database.InitCommand.executeSubcommand(InitCommand.java:168)
                      com.semmle.cli2.picocli.SubcommandCommon.lambda$executeSubcommandWithMessages$5(SubcommandCommon.java:863)
                      com.semmle.cli2.picocli.SubcommandCommon.withCompilationMessages(SubcommandCommon.java:442)
                      com.semmle.cli2.picocli.SubcommandCommon.executeSubcommandWithMessages(SubcommandCommon.java:861)
                      com.semmle.cli2.picocli.PlumbingRunner.run(PlumbingRunner.java:119)
                      com.semmle.cli2.picocli.SubcommandCommon.runPlumbingInProcess(SubcommandCommon.java:199)
                      com.semmle.cli2.database.CreateCommand.executeSubcommand(CreateCommand.java:113)
                      com.semmle.cli2.picocli.SubcommandCommon.lambda$executeSubcommandWithMessages$5(SubcommandCommon.java:863)
                      com.semmle.cli2.picocli.SubcommandCommon.withCompilationMessages(SubcommandCommon.java:442)
                      com.semmle.cli2.picocli.SubcommandCommon.executeSubcommandWithMessages(SubcommandCommon.java:861)
                      com.semmle.cli2.picocli.SubcommandCommon.toplevelMain(SubcommandCommon.java:745)
                      com.semmle.cli2.picocli.SubcommandCommon.call(SubcommandCommon.java:726)
                      com.semmle.cli2.picocli.SubcommandMaker.runMain(SubcommandMaker.java:237)
                      com.semmle.cli2.picocli.SubcommandMaker.runMain(SubcommandMaker.java:257)
                      com.semmle.cli2.CodeQL.main(CodeQL.java:115)
