[2024-07-16 00:24:01] This is codeql database index-files --working-dir=. --include-extension=.htm --include-extension=.html --include-extension=.xhtm --include-extension=.xhtml --include-extension=.vue --size-limit 10m --language html -- C:\Users\TwinIsland\Desktop\unimp-checker\zk-codeql-db
[2024-07-16 00:24:01] Log file was started late.
[2024-07-16 00:24:01] Using index-files script C:\Program Files\codeql\html\tools\index-files.cmd.
[2024-07-16 00:24:01] [PROGRESS] database index-files> Scanning for files in C:\Users\TwinIsland\Desktop\unimp-checker\zookeeper-operator-0.2.13...
[2024-07-16 00:24:01] Calling plumbing command: codeql resolve files --include-extension=.htm --include-extension=.html --include-extension=.xhtm --include-extension=.xhtml --include-extension=.vue --size-limit=10m C:\Users\TwinIsland\Desktop\unimp-checker\zookeeper-operator-0.2.13 --format=json
[2024-07-16 00:24:01] [PROGRESS] resolve files> Scanning C:\Users\TwinIsland\Desktop\unimp-checker\zookeeper-operator-0.2.13...
[2024-07-16 00:24:01] [PROGRESS] resolve files> Scanning C:\Users\TwinIsland\Desktop\unimp-checker\zookeeper-operator-0.2.13\.github...
[2024-07-16 00:24:01] [PROGRESS] resolve files> Scanning C:\Users\TwinIsland\Desktop\unimp-checker\zookeeper-operator-0.2.13\.github\workflows...
[2024-07-16 00:24:01] [PROGRESS] resolve files> Scanning C:\Users\TwinIsland\Desktop\unimp-checker\zookeeper-operator-0.2.13\build...
[2024-07-16 00:24:01] [PROGRESS] resolve files> Scanning C:\Users\TwinIsland\Desktop\unimp-checker\zookeeper-operator-0.2.13\charts...
[2024-07-16 00:24:01] [PROGRESS] resolve files> Scanning C:\Users\TwinIsland\Desktop\unimp-checker\zookeeper-operator-0.2.13\charts\zookeeper...
[2024-07-16 00:24:01] [PROGRESS] resolve files> Scanning C:\Users\TwinIsland\Desktop\unimp-checker\zookeeper-operator-0.2.13\charts\zookeeper\templates...
[2024-07-16 00:24:01] [PROGRESS] resolve files> Scanning C:\Users\TwinIsland\Desktop\unimp-checker\zookeeper-operator-0.2.13\charts\zookeeper\values...
[2024-07-16 00:24:01] [PROGRESS] resolve files> Scanning C:\Users\TwinIsland\Desktop\unimp-checker\zookeeper-operator-0.2.13\charts\zookeeper-operator...
[2024-07-16 00:24:01] [PROGRESS] resolve files> Scanning C:\Users\TwinIsland\Desktop\unimp-checker\zookeeper-operator-0.2.13\charts\zookeeper-operator\templates...
[2024-07-16 00:24:01] [PROGRESS] resolve files> Scanning C:\Users\TwinIsland\Desktop\unimp-checker\zookeeper-operator-0.2.13\cmd...
[2024-07-16 00:24:01] [PROGRESS] resolve files> Scanning C:\Users\TwinIsland\Desktop\unimp-checker\zookeeper-operator-0.2.13\cmd\exporter...
[2024-07-16 00:24:01] [PROGRESS] resolve files> Scanning C:\Users\TwinIsland\Desktop\unimp-checker\zookeeper-operator-0.2.13\cmd\manager...
[2024-07-16 00:24:01] [PROGRESS] resolve files> Scanning C:\Users\TwinIsland\Desktop\unimp-checker\zookeeper-operator-0.2.13\deploy...
[2024-07-16 00:24:01] [PROGRESS] resolve files> Scanning C:\Users\TwinIsland\Desktop\unimp-checker\zookeeper-operator-0.2.13\deploy\all_ns...
[2024-07-16 00:24:01] [PROGRESS] resolve files> Scanning C:\Users\TwinIsland\Desktop\unimp-checker\zookeeper-operator-0.2.13\deploy\cr...
[2024-07-16 00:24:01] [PROGRESS] resolve files> Scanning C:\Users\TwinIsland\Desktop\unimp-checker\zookeeper-operator-0.2.13\deploy\cr\ECS...
[2024-07-16 00:24:01] [PROGRESS] resolve files> Scanning C:\Users\TwinIsland\Desktop\unimp-checker\zookeeper-operator-0.2.13\deploy\cr\pravega...
[2024-07-16 00:24:01] [PROGRESS] resolve files> Scanning C:\Users\TwinIsland\Desktop\unimp-checker\zookeeper-operator-0.2.13\deploy\crds...
[2024-07-16 00:24:01] [PROGRESS] resolve files> Scanning C:\Users\TwinIsland\Desktop\unimp-checker\zookeeper-operator-0.2.13\deploy\default_ns...
[2024-07-16 00:24:01] [PROGRESS] resolve files> Scanning C:\Users\TwinIsland\Desktop\unimp-checker\zookeeper-operator-0.2.13\doc...
[2024-07-16 00:24:01] [PROGRESS] resolve files> Scanning C:\Users\TwinIsland\Desktop\unimp-checker\zookeeper-operator-0.2.13\docker...
[2024-07-16 00:24:01] [PROGRESS] resolve files> Scanning C:\Users\TwinIsland\Desktop\unimp-checker\zookeeper-operator-0.2.13\docker\bin...
[2024-07-16 00:24:01] [PROGRESS] resolve files> Scanning C:\Users\TwinIsland\Desktop\unimp-checker\zookeeper-operator-0.2.13\docker\zu...
[2024-07-16 00:24:01] [PROGRESS] resolve files> Scanning C:\Users\TwinIsland\Desktop\unimp-checker\zookeeper-operator-0.2.13\docker\zu\gradle...
[2024-07-16 00:24:01] [PROGRESS] resolve files> Scanning C:\Users\TwinIsland\Desktop\unimp-checker\zookeeper-operator-0.2.13\docker\zu\gradle\wrapper...
[2024-07-16 00:24:01] [PROGRESS] resolve files> Scanning C:\Users\TwinIsland\Desktop\unimp-checker\zookeeper-operator-0.2.13\docker\zu\src...
[2024-07-16 00:24:01] [PROGRESS] resolve files> Scanning C:\Users\TwinIsland\Desktop\unimp-checker\zookeeper-operator-0.2.13\docker\zu\src\main...
[2024-07-16 00:24:01] [PROGRESS] resolve files> Scanning C:\Users\TwinIsland\Desktop\unimp-checker\zookeeper-operator-0.2.13\docker\zu\src\main\java...
[2024-07-16 00:24:01] [PROGRESS] resolve files> Scanning C:\Users\TwinIsland\Desktop\unimp-checker\zookeeper-operator-0.2.13\docker\zu\src\main\java\io...
[2024-07-16 00:24:01] [PROGRESS] resolve files> Scanning C:\Users\TwinIsland\Desktop\unimp-checker\zookeeper-operator-0.2.13\docker\zu\src\main\java\io\pravega...
[2024-07-16 00:24:01] [PROGRESS] resolve files> Scanning C:\Users\TwinIsland\Desktop\unimp-checker\zookeeper-operator-0.2.13\docker\zu\src\main\java\io\pravega\zookeeper...
[2024-07-16 00:24:01] [PROGRESS] resolve files> Scanning C:\Users\TwinIsland\Desktop\unimp-checker\zookeeper-operator-0.2.13\pkg...
[2024-07-16 00:24:01] [PROGRESS] resolve files> Scanning C:\Users\TwinIsland\Desktop\unimp-checker\zookeeper-operator-0.2.13\pkg\apis...
[2024-07-16 00:24:01] [PROGRESS] resolve files> Scanning C:\Users\TwinIsland\Desktop\unimp-checker\zookeeper-operator-0.2.13\pkg\apis\zookeeper...
[2024-07-16 00:24:01] [PROGRESS] resolve files> Scanning C:\Users\TwinIsland\Desktop\unimp-checker\zookeeper-operator-0.2.13\pkg\apis\zookeeper\v1beta1...
[2024-07-16 00:24:01] [PROGRESS] resolve files> Scanning C:\Users\TwinIsland\Desktop\unimp-checker\zookeeper-operator-0.2.13\pkg\controller...
[2024-07-16 00:24:01] [PROGRESS] resolve files> Scanning C:\Users\TwinIsland\Desktop\unimp-checker\zookeeper-operator-0.2.13\pkg\controller\zookeepercluster...
[2024-07-16 00:24:01] [PROGRESS] resolve files> Scanning C:\Users\TwinIsland\Desktop\unimp-checker\zookeeper-operator-0.2.13\pkg\test...
[2024-07-16 00:24:01] [PROGRESS] resolve files> Scanning C:\Users\TwinIsland\Desktop\unimp-checker\zookeeper-operator-0.2.13\pkg\test\e2e...
[2024-07-16 00:24:01] [PROGRESS] resolve files> Scanning C:\Users\TwinIsland\Desktop\unimp-checker\zookeeper-operator-0.2.13\pkg\test\e2e\e2eutil...
[2024-07-16 00:24:01] [PROGRESS] resolve files> Scanning C:\Users\TwinIsland\Desktop\unimp-checker\zookeeper-operator-0.2.13\pkg\utils...
[2024-07-16 00:24:01] [PROGRESS] resolve files> Scanning C:\Users\TwinIsland\Desktop\unimp-checker\zookeeper-operator-0.2.13\pkg\version...
[2024-07-16 00:24:01] [PROGRESS] resolve files> Scanning C:\Users\TwinIsland\Desktop\unimp-checker\zookeeper-operator-0.2.13\pkg\yamlexporter...
[2024-07-16 00:24:01] [PROGRESS] resolve files> Scanning C:\Users\TwinIsland\Desktop\unimp-checker\zookeeper-operator-0.2.13\pkg\zk...
[2024-07-16 00:24:01] [PROGRESS] resolve files> Scanning C:\Users\TwinIsland\Desktop\unimp-checker\zookeeper-operator-0.2.13\scripts...
[2024-07-16 00:24:01] [PROGRESS] resolve files> Scanning C:\Users\TwinIsland\Desktop\unimp-checker\zookeeper-operator-0.2.13\test...
[2024-07-16 00:24:01] [PROGRESS] resolve files> Scanning C:\Users\TwinIsland\Desktop\unimp-checker\zookeeper-operator-0.2.13\test\e2e...
[2024-07-16 00:24:01] [PROGRESS] resolve files> Scanning C:\Users\TwinIsland\Desktop\unimp-checker\zookeeper-operator-0.2.13\test\e2e\resources...
[2024-07-16 00:24:01] Plumbing command codeql resolve files completed:
                      [ ]
[2024-07-16 00:24:01] [DETAILS] database index-files> Found 0 files.
[2024-07-16 00:24:01] Terminating normally.
