[2024-08-21 22:58:09] This is codeql database index-files --working-dir=. --include-extension=.htm --include-extension=.html --include-extension=.xhtm --include-extension=.xhtml --include-extension=.vue --size-limit 10m --language html -- C:\Users\TwinIsland\Desktop\StructAccessChecker\database
[2024-08-21 22:58:09] Log file was started late.
[2024-08-21 22:58:09] Using index-files script C:\Program Files\codeql\html\tools\index-files.cmd.
[2024-08-21 22:58:09] [PROGRESS] database index-files> Scanning for files in C:\Users\TwinIsland\Desktop\StructAccessChecker\project...
[2024-08-21 22:58:09] Calling plumbing command: codeql resolve files --include-extension=.htm --include-extension=.html --include-extension=.xhtm --include-extension=.xhtml --include-extension=.vue --size-limit=10m C:\Users\TwinIsland\Desktop\StructAccessChecker\project --format=json
[2024-08-21 22:58:09] [PROGRESS] resolve files> Scanning C:\Users\TwinIsland\Desktop\StructAccessChecker\project...
[2024-08-21 22:58:09] [PROGRESS] resolve files> Scanning C:\Users\TwinIsland\Desktop\StructAccessChecker\project\.github...
[2024-08-21 22:58:09] [PROGRESS] resolve files> Scanning C:\Users\TwinIsland\Desktop\StructAccessChecker\project\.github\workflows...
[2024-08-21 22:58:09] [PROGRESS] resolve files> Scanning C:\Users\TwinIsland\Desktop\StructAccessChecker\project\build...
[2024-08-21 22:58:09] [PROGRESS] resolve files> Scanning C:\Users\TwinIsland\Desktop\StructAccessChecker\project\charts...
[2024-08-21 22:58:09] [PROGRESS] resolve files> Scanning C:\Users\TwinIsland\Desktop\StructAccessChecker\project\charts\zookeeper...
[2024-08-21 22:58:09] [PROGRESS] resolve files> Scanning C:\Users\TwinIsland\Desktop\StructAccessChecker\project\charts\zookeeper\templates...
[2024-08-21 22:58:09] [PROGRESS] resolve files> Scanning C:\Users\TwinIsland\Desktop\StructAccessChecker\project\charts\zookeeper\values...
[2024-08-21 22:58:09] [PROGRESS] resolve files> Scanning C:\Users\TwinIsland\Desktop\StructAccessChecker\project\charts\zookeeper-operator...
[2024-08-21 22:58:09] [PROGRESS] resolve files> Scanning C:\Users\TwinIsland\Desktop\StructAccessChecker\project\charts\zookeeper-operator\templates...
[2024-08-21 22:58:09] [PROGRESS] resolve files> Scanning C:\Users\TwinIsland\Desktop\StructAccessChecker\project\cmd...
[2024-08-21 22:58:09] [PROGRESS] resolve files> Scanning C:\Users\TwinIsland\Desktop\StructAccessChecker\project\cmd\exporter...
[2024-08-21 22:58:09] [PROGRESS] resolve files> Scanning C:\Users\TwinIsland\Desktop\StructAccessChecker\project\cmd\manager...
[2024-08-21 22:58:09] [PROGRESS] resolve files> Scanning C:\Users\TwinIsland\Desktop\StructAccessChecker\project\deploy...
[2024-08-21 22:58:09] [PROGRESS] resolve files> Scanning C:\Users\TwinIsland\Desktop\StructAccessChecker\project\deploy\all_ns...
[2024-08-21 22:58:09] [PROGRESS] resolve files> Scanning C:\Users\TwinIsland\Desktop\StructAccessChecker\project\deploy\cr...
[2024-08-21 22:58:09] [PROGRESS] resolve files> Scanning C:\Users\TwinIsland\Desktop\StructAccessChecker\project\deploy\cr\ECS...
[2024-08-21 22:58:09] [PROGRESS] resolve files> Scanning C:\Users\TwinIsland\Desktop\StructAccessChecker\project\deploy\cr\pravega...
[2024-08-21 22:58:09] [PROGRESS] resolve files> Scanning C:\Users\TwinIsland\Desktop\StructAccessChecker\project\deploy\crds...
[2024-08-21 22:58:09] [PROGRESS] resolve files> Scanning C:\Users\TwinIsland\Desktop\StructAccessChecker\project\deploy\default_ns...
[2024-08-21 22:58:09] [PROGRESS] resolve files> Scanning C:\Users\TwinIsland\Desktop\StructAccessChecker\project\doc...
[2024-08-21 22:58:09] [PROGRESS] resolve files> Scanning C:\Users\TwinIsland\Desktop\StructAccessChecker\project\docker...
[2024-08-21 22:58:09] [PROGRESS] resolve files> Scanning C:\Users\TwinIsland\Desktop\StructAccessChecker\project\docker\bin...
[2024-08-21 22:58:09] [PROGRESS] resolve files> Scanning C:\Users\TwinIsland\Desktop\StructAccessChecker\project\docker\zu...
[2024-08-21 22:58:09] [PROGRESS] resolve files> Scanning C:\Users\TwinIsland\Desktop\StructAccessChecker\project\docker\zu\gradle...
[2024-08-21 22:58:09] [PROGRESS] resolve files> Scanning C:\Users\TwinIsland\Desktop\StructAccessChecker\project\docker\zu\gradle\wrapper...
[2024-08-21 22:58:09] [PROGRESS] resolve files> Scanning C:\Users\TwinIsland\Desktop\StructAccessChecker\project\docker\zu\src...
[2024-08-21 22:58:09] [PROGRESS] resolve files> Scanning C:\Users\TwinIsland\Desktop\StructAccessChecker\project\docker\zu\src\main...
[2024-08-21 22:58:09] [PROGRESS] resolve files> Scanning C:\Users\TwinIsland\Desktop\StructAccessChecker\project\docker\zu\src\main\java...
[2024-08-21 22:58:09] [PROGRESS] resolve files> Scanning C:\Users\TwinIsland\Desktop\StructAccessChecker\project\docker\zu\src\main\java\io...
[2024-08-21 22:58:09] [PROGRESS] resolve files> Scanning C:\Users\TwinIsland\Desktop\StructAccessChecker\project\docker\zu\src\main\java\io\pravega...
[2024-08-21 22:58:09] [PROGRESS] resolve files> Scanning C:\Users\TwinIsland\Desktop\StructAccessChecker\project\docker\zu\src\main\java\io\pravega\zookeeper...
[2024-08-21 22:58:09] [PROGRESS] resolve files> Scanning C:\Users\TwinIsland\Desktop\StructAccessChecker\project\pkg...
[2024-08-21 22:58:09] [PROGRESS] resolve files> Scanning C:\Users\TwinIsland\Desktop\StructAccessChecker\project\pkg\apis...
[2024-08-21 22:58:09] [PROGRESS] resolve files> Scanning C:\Users\TwinIsland\Desktop\StructAccessChecker\project\pkg\apis\zookeeper...
[2024-08-21 22:58:09] [PROGRESS] resolve files> Scanning C:\Users\TwinIsland\Desktop\StructAccessChecker\project\pkg\apis\zookeeper\v1beta1...
[2024-08-21 22:58:09] [PROGRESS] resolve files> Scanning C:\Users\TwinIsland\Desktop\StructAccessChecker\project\pkg\controller...
[2024-08-21 22:58:09] [PROGRESS] resolve files> Scanning C:\Users\TwinIsland\Desktop\StructAccessChecker\project\pkg\controller\zookeepercluster...
[2024-08-21 22:58:09] [PROGRESS] resolve files> Scanning C:\Users\TwinIsland\Desktop\StructAccessChecker\project\pkg\test...
[2024-08-21 22:58:09] [PROGRESS] resolve files> Scanning C:\Users\TwinIsland\Desktop\StructAccessChecker\project\pkg\test\e2e...
[2024-08-21 22:58:09] [PROGRESS] resolve files> Scanning C:\Users\TwinIsland\Desktop\StructAccessChecker\project\pkg\test\e2e\e2eutil...
[2024-08-21 22:58:09] [PROGRESS] resolve files> Scanning C:\Users\TwinIsland\Desktop\StructAccessChecker\project\pkg\utils...
[2024-08-21 22:58:09] [PROGRESS] resolve files> Scanning C:\Users\TwinIsland\Desktop\StructAccessChecker\project\pkg\version...
[2024-08-21 22:58:09] [PROGRESS] resolve files> Scanning C:\Users\TwinIsland\Desktop\StructAccessChecker\project\pkg\yamlexporter...
[2024-08-21 22:58:09] [PROGRESS] resolve files> Scanning C:\Users\TwinIsland\Desktop\StructAccessChecker\project\pkg\zk...
[2024-08-21 22:58:09] [PROGRESS] resolve files> Scanning C:\Users\TwinIsland\Desktop\StructAccessChecker\project\scripts...
[2024-08-21 22:58:09] [PROGRESS] resolve files> Scanning C:\Users\TwinIsland\Desktop\StructAccessChecker\project\test...
[2024-08-21 22:58:09] [PROGRESS] resolve files> Scanning C:\Users\TwinIsland\Desktop\StructAccessChecker\project\test\e2e...
[2024-08-21 22:58:09] [PROGRESS] resolve files> Scanning C:\Users\TwinIsland\Desktop\StructAccessChecker\project\test\e2e\resources...
[2024-08-21 22:58:09] Plumbing command codeql resolve files completed:
                      [ ]
[2024-08-21 22:58:09] [DETAILS] database index-files> Found 0 files.
[2024-08-21 22:58:09] Terminating normally.
