[2024-08-27 19:04:46] This is codeql database create database -s .\simple_case\ --language=go --overwrite
[2024-08-27 19:04:46] Log file was started late.
[2024-08-27 19:04:46] [PROGRESS] database create> Initializing database at C:\Users\Twisl\Desktop\unimp-checker\database.
[2024-08-27 19:04:46] Running plumbing command: codeql database init --overwrite --language=go --extractor-options-verbosity=1 --qlconfig-file=C:\Users\Twisl\Desktop\unimp-checker\qlconfig.yml --source-root=C:\Users\Twisl\Desktop\unimp-checker\simple_case --allow-missing-source-root=false --allow-already-existing -- C:\Users\Twisl\Desktop\unimp-checker\database
[2024-08-27 19:04:46] Calling plumbing command: codeql resolve languages --extractor-options-verbosity=1 --format=betterjson
[2024-08-27 19:04:46] [DETAILS] resolve languages> Scanning for [codeql-extractor.yml] from D:\codeql\.codeqlmanifest.json
[2024-08-27 19:04:46] [DETAILS] resolve languages> Parsing D:\codeql\cpp\codeql-extractor.yml.
[2024-08-27 19:04:46] [DETAILS] resolve languages> Parsing D:\codeql\csharp\codeql-extractor.yml.
[2024-08-27 19:04:46] [DETAILS] resolve languages> Parsing D:\codeql\csv\codeql-extractor.yml.
[2024-08-27 19:04:46] [DETAILS] resolve languages> Parsing D:\codeql\go\codeql-extractor.yml.
[2024-08-27 19:04:46] [DETAILS] resolve languages> Parsing D:\codeql\html\codeql-extractor.yml.
[2024-08-27 19:04:46] [DETAILS] resolve languages> Parsing D:\codeql\java\codeql-extractor.yml.
[2024-08-27 19:04:46] [DETAILS] resolve languages> Parsing D:\codeql\javascript\codeql-extractor.yml.
[2024-08-27 19:04:46] [DETAILS] resolve languages> Parsing D:\codeql\properties\codeql-extractor.yml.
[2024-08-27 19:04:46] [DETAILS] resolve languages> Parsing D:\codeql\python\codeql-extractor.yml.
[2024-08-27 19:04:46] [DETAILS] resolve languages> Parsing D:\codeql\ruby\codeql-extractor.yml.
[2024-08-27 19:04:46] [DETAILS] resolve languages> Parsing D:\codeql\swift\codeql-extractor.yml.
[2024-08-27 19:04:46] [DETAILS] resolve languages> Parsing D:\codeql\xml\codeql-extractor.yml.
[2024-08-27 19:04:46] [DETAILS] resolve languages> Parsing D:\codeql\yaml\codeql-extractor.yml.
[2024-08-27 19:04:46] Plumbing command codeql resolve languages completed:
                      {
                        "aliases" : {
                          "c" : "cpp",
                          "c++" : "cpp",
                          "c-c++" : "cpp",
                          "c-cpp" : "cpp",
                          "c#" : "csharp",
                          "java-kotlin" : "java",
                          "kotlin" : "java",
                          "javascript-typescript" : "javascript",
                          "typescript" : "javascript"
                        },
                        "extractors" : {
                          "cpp" : [
                            {
                              "extractor_root" : "D:\\codeql\\cpp",
                              "extractor_options" : { }
                            }
                          ],
                          "csharp" : [
                            {
                              "extractor_root" : "D:\\codeql\\csharp",
                              "extractor_options" : {
                                "trap" : {
                                  "title" : "Options pertaining to TRAP.",
                                  "description" : "Options pertaining to TRAP.",
                                  "type" : "object",
                                  "properties" : {
                                    "compression" : {
                                      "title" : "Controls compression for the TRAP files written by the extractor.",
                                      "description" : "This option is only intended for use in debugging the extractor. Accepted values are 'brotli' (the default, to write brotli-compressed TRAP), 'gzip', and 'none' (to write uncompressed TRAP).\n",
                                      "type" : "string",
                                      "pattern" : "^(none|gzip|brotli)$"
                                    }
                                  }
                                },
                                "buildless" : {
                                  "title" : "DEPRECATED - Whether to use buildless (standalone) extraction.",
                                  "description" : "DEPRECATED: Use `--build-mode none` instead.\nA value indicating, which type of extraction the autobuilder should perform. If 'true', then the standalone extractor will be used, otherwise tracing extraction will be performed. The default is 'false'. Note that buildless extraction will generally yield less accurate analysis results, and should only be used in cases where it is not possible to build the code (for example if it uses inaccessible dependencies).\n",
                                  "type" : "string",
                                  "pattern" : "^(false|true)$"
                                },
                                "logging" : {
                                  "title" : "Options pertaining to logging.",
                                  "description" : "Options pertaining to logging.",
                                  "type" : "object",
                                  "properties" : {
                                    "verbosity" : {
                                      "title" : "Extractor logging verbosity level.",
                                      "description" : "Controls the level of verbosity of the extractor. The supported levels are (in order of increasing verbosity):\n  - off\n  - errors\n  - warnings\n  - info or progress\n  - debug or progress+\n  - trace or progress++\n  - progress+++\n",
                                      "type" : "string",
                                      "pattern" : "^(off|errors|warnings|(info|progress)|(debug|progress\\+)|(trace|progress\\+\\+)|progress\\+\\+\\+)$"
                                    }
                                  }
                                },
                                "binlog" : {
                                  "title" : "Binlog",
                                  "description" : "[EXPERIMENTAL] The value is a path to the MsBuild binary log file that should be extracted. This option only works when `--build-mode none` is also specified.\n",
                                  "type" : "string"
                                }
                              }
                            }
                          ],
                          "csv" : [
                            {
                              "extractor_root" : "D:\\codeql\\csv"
                            }
                          ],
                          "go" : [
                            {
                              "extractor_root" : "D:\\codeql\\go"
                            }
                          ],
                          "html" : [
                            {
                              "extractor_root" : "D:\\codeql\\html"
                            }
                          ],
                          "java" : [
                            {
                              "extractor_root" : "D:\\codeql\\java",
                              "extractor_options" : {
                                "exclude" : {
                                  "title" : "A glob excluding files from analysis.",
                                  "description" : "A glob indicating what files to exclude from the analysis.\n",
                                  "type" : "string"
                                },
                                "add_prefer_source" : {
                                  "title" : "Whether to always prefer source files over class files.",
                                  "description" : "A value indicating whether source files should be preferred over class files. If set to 'true', the extraction adds '-Xprefer:source' to the javac command line. If set to 'false', the extraction uses the default javac behavior ('-Xprefer:newer'). The default is 'true'.\n",
                                  "type" : "string",
                                  "pattern" : "^(false|true)$"
                                },
                                "buildless" : {
                                  "title" : "Whether to use buildless (standalone) extraction (experimental).",
                                  "description" : "A value indicating, which type of extraction the autobuilder should perform. If 'true', then the standalone extractor will be used, otherwise tracing extraction will be performed. The default is 'false'. Note that buildless extraction will generally yield less accurate analysis results, and should only be used in cases where it is not possible to build the code (for example if it uses inaccessible dependencies).\n",
                                  "type" : "string",
                                  "pattern" : "^(false|true)$"
                                }
                              }
                            }
                          ],
                          "javascript" : [
                            {
                              "extractor_root" : "D:\\codeql\\javascript",
                              "extractor_options" : {
                                "skip_types" : {
                                  "title" : "Skip type extraction for TypeScript",
                                  "description" : "Whether to skip the extraction of types in a TypeScript application",
                                  "type" : "string",
                                  "pattern" : "^(false|true)$"
                                }
                              }
                            }
                          ],
                          "properties" : [
                            {
                              "extractor_root" : "D:\\codeql\\properties"
                            }
                          ],
                          "python" : [
                            {
                              "extractor_root" : "D:\\codeql\\python",
                              "extractor_options" : {
                                "logging" : {
                                  "title" : "Options pertaining to logging.",
                                  "description" : "Options pertaining to logging.",
                                  "type" : "object",
                                  "properties" : {
                                    "verbosity" : {
                                      "title" : "Python extractor logging verbosity level.",
                                      "description" : "Controls the level of verbosity of the CodeQL Python extractor.\nThe supported levels are (in order of increasing verbosity):\n\n  - off\n  - errors\n  - warnings\n  - info or progress\n  - debug or progress+\n  - trace or progress++\n  - progress+++\n",
                                      "type" : "string",
                                      "pattern" : "^(off|errors|warnings|(info|progress)|(debug|progress\\+)|(trace|progress\\+\\+)|progress\\+\\+\\+)$"
                                    }
                                  }
                                },
                                "python_executable_name" : {
                                  "title" : "Controls the name of the Python executable used by the Python extractor.",
                                  "description" : "The Python extractor uses platform-dependent heuristics to determine the name of the Python executable to use. Specifying a value for this option overrides the name of the Python executable used by the extractor. Accepted values are py, python and python3. Use this setting with caution, the Python extractor requires Python 3 to run.\n",
                                  "type" : "string",
                                  "pattern" : "^(py|python|python3)$"
                                }
                              }
                            }
                          ],
                          "ruby" : [
                            {
                              "extractor_root" : "D:\\codeql\\ruby",
                              "extractor_options" : {
                                "trap" : {
                                  "title" : "Options pertaining to TRAP.",
                                  "description" : "Options pertaining to TRAP.",
                                  "type" : "object",
                                  "properties" : {
                                    "compression" : {
                                      "title" : "Controls compression for the TRAP files written by the extractor.",
                                      "description" : "This option is only intended for use in debugging the extractor. Accepted values are 'gzip' (the default, to write gzip-compressed TRAP) and 'none' (to write uncompressed TRAP).\n",
                                      "type" : "string",
                                      "pattern" : "^(none|gzip)$"
                                    }
                                  }
                                }
                              }
                            }
                          ],
                          "swift" : [
                            {
                              "extractor_root" : "D:\\codeql\\swift"
                            }
                          ],
                          "xml" : [
                            {
                              "extractor_root" : "D:\\codeql\\xml"
                            }
                          ],
                          "yaml" : [
                            {
                              "extractor_root" : "D:\\codeql\\yaml"
                            }
                          ]
                        }
                      }
[2024-08-27 19:04:46] [PROGRESS] database init> Calculating baseline information in C:\Users\Twisl\Desktop\unimp-checker\simple_case
[2024-08-27 19:04:46] [SPAMMY] database init> Ignoring the following directories when processing baseline information: .git, .hg, .svn.
[2024-08-27 19:04:46] [DETAILS] database init> Running command in C:\Users\Twisl\Desktop\unimp-checker\simple_case: D:\codeql\tools\win64\scc.exe --by-file --exclude-dir .git,.hg,.svn --format json --no-large --no-min .
[2024-08-27 19:04:46] Using configure-baseline script D:\codeql\go\tools\configure-baseline.cmd.
[2024-08-27 19:04:46] [PROGRESS] database init> Running command in C:\Users\Twisl\Desktop\unimp-checker\simple_case: [D:\codeql\go\tools\configure-baseline.cmd]
[2024-08-27 19:04:46] [SPAMMY] database init> Found 2 baseline files for go.
[2024-08-27 19:04:46] [PROGRESS] database init> Calculated baseline information for languages: go (124ms).
[2024-08-27 19:04:46] [PROGRESS] database init> Resolving extractor go.
[2024-08-27 19:04:46] [DETAILS] database init> Found candidate extractor root for go: D:\codeql\go.
[2024-08-27 19:04:46] [PROGRESS] database init> Successfully loaded extractor Go (go) from D:\codeql\go.
[2024-08-27 19:04:46] [PROGRESS] database init> Created skeleton CodeQL database at C:\Users\Twisl\Desktop\unimp-checker\database. This in-progress database is ready to be populated by an extractor.
[2024-08-27 19:04:46] Plumbing command codeql database init completed.
[2024-08-27 19:04:46] Using autobuild script D:\codeql\go\tools\autobuild.cmd.
[2024-08-27 19:04:46] [DETAILS] database create> Detected autobuild command for Go: D:\codeql\go\tools\autobuild.cmd.
[2024-08-27 19:04:46] [PROGRESS] database create> Running build command: [D:\codeql\go\tools\autobuild.cmd]
[2024-08-27 19:04:46] Running plumbing command: codeql database trace-command --working-dir=C:\Users\Twisl\Desktop\unimp-checker\simple_case --index-traceless-dbs --no-db-cluster -- C:\Users\Twisl\Desktop\unimp-checker\database D:\codeql\go\tools\autobuild.cmd
[2024-08-27 19:04:46] [PROGRESS] database trace-command> Running command in C:\Users\Twisl\Desktop\unimp-checker\simple_case: [D:\codeql\go\tools\autobuild.cmd]
[2024-08-27 19:04:47] [build-stderr] 2024/08/27 19:04:47 Autobuilder was built with go1.22.2, environment has go1.20.3
[2024-08-27 19:04:47] [build-stderr] 2024/08/27 19:04:47 LGTM_SRC is C:\Users\Twisl\Desktop\unimp-checker\simple_case
[2024-08-27 19:04:47] [build-stderr] 2024/08/27 19:04:47 Found no go.work files in the workspace; looking for go.mod files...
[2024-08-27 19:04:47] [build-stderr] 2024/08/27 19:04:47 Found 1 go.mod file(s).
[2024-08-27 19:04:47] [build-stderr] 2024/08/27 19:04:47 Unable to determine import path, as neither LGTM_INDEX_IMPORT_PATH nor GITHUB_REPOSITORY is set
[2024-08-27 19:04:47] [build-stderr] go: go.mod file indicates go 1.23, but maximum version supported by tidy is 1.20
[2024-08-27 19:04:47] [build-stderr] 2024/08/27 19:04:47 Failed to stat go.sum after running `go mod tidy -e`: CreateFile go.sum: The system cannot find the file specified.
[2024-08-27 19:04:47] [build-stderr] 2024/08/27 19:04:47 Unable to find any build scripts, continuing to install dependencies in the normal way.
[2024-08-27 19:04:47] [build-stderr] 2024/08/27 19:04:47 Installing dependencies using `go get -v ./...` in `.`.
[2024-08-27 19:04:47] [build-stderr] 2024/08/27 19:04:47 Running extractor command 'D:\codeql\go\tools\win64\go-extractor.exe [./...]' from directory '.'.
[2024-08-27 19:04:47] [build-stderr] 2024/08/27 19:04:47 Build flags: ''; patterns: './...'
[2024-08-27 19:04:47] [build-stderr] 2024/08/27 19:04:47 Running packages.Load.
[2024-08-27 19:04:48] [build-stderr] 2024/08/27 19:04:48 Done running packages.Load.
[2024-08-27 19:04:48] [build-stderr] 2024/08/27 19:04:48 Extracting universe scope.
[2024-08-27 19:04:48] [build-stderr] 2024/08/27 19:04:48 Done extracting universe scope.
[2024-08-27 19:04:48] [build-stderr] 2024/08/27 19:04:48 Running go list to resolve package and module directories.
[2024-08-27 19:04:49] [build-stderr] 2024/08/27 19:04:49 Done running go list deps: resolved 45 packages.
[2024-08-27 19:04:49] [build-stderr] 2024/08/27 19:04:49 Processing package internal/goarch.
[2024-08-27 19:04:49] [build-stderr] 2024/08/27 19:04:49 Extracting types for package internal/goarch.
[2024-08-27 19:04:49] [build-stderr] 2024/08/27 19:04:49 Done extracting types for package internal/goarch.
[2024-08-27 19:04:49] [build-stderr] 2024/08/27 19:04:49 Processing package unsafe.
[2024-08-27 19:04:49] [build-stderr] 2024/08/27 19:04:49 Extracting types for package unsafe.
[2024-08-27 19:04:49] [build-stderr] 2024/08/27 19:04:49 Done extracting types for package unsafe.
[2024-08-27 19:04:49] [build-stderr] 2024/08/27 19:04:49 Processing package internal/unsafeheader.
[2024-08-27 19:04:49] [build-stderr] 2024/08/27 19:04:49 Extracting types for package internal/unsafeheader.
[2024-08-27 19:04:49] [build-stderr] 2024/08/27 19:04:49 Done extracting types for package internal/unsafeheader.
[2024-08-27 19:04:49] [build-stderr] 2024/08/27 19:04:49 Processing package internal/abi.
[2024-08-27 19:04:49] [build-stderr] 2024/08/27 19:04:49 Extracting types for package internal/abi.
[2024-08-27 19:04:49] [build-stderr] 2024/08/27 19:04:49 Done extracting types for package internal/abi.
[2024-08-27 19:04:49] [build-stderr] 2024/08/27 19:04:49 Processing package internal/cpu.
[2024-08-27 19:04:49] [build-stderr] 2024/08/27 19:04:49 Extracting types for package internal/cpu.
[2024-08-27 19:04:49] [build-stderr] 2024/08/27 19:04:49 Done extracting types for package internal/cpu.
[2024-08-27 19:04:49] [build-stderr] 2024/08/27 19:04:49 Processing package internal/bytealg.
[2024-08-27 19:04:49] [build-stderr] 2024/08/27 19:04:49 Extracting types for package internal/bytealg.
[2024-08-27 19:04:49] [build-stderr] 2024/08/27 19:04:49 Done extracting types for package internal/bytealg.
[2024-08-27 19:04:49] [build-stderr] 2024/08/27 19:04:49 Processing package internal/coverage/rtcov.
[2024-08-27 19:04:49] [build-stderr] 2024/08/27 19:04:49 Extracting types for package internal/coverage/rtcov.
[2024-08-27 19:04:49] [build-stderr] 2024/08/27 19:04:49 Done extracting types for package internal/coverage/rtcov.
[2024-08-27 19:04:49] [build-stderr] 2024/08/27 19:04:49 Processing package internal/goexperiment.
[2024-08-27 19:04:49] [build-stderr] 2024/08/27 19:04:49 Extracting types for package internal/goexperiment.
[2024-08-27 19:04:49] [build-stderr] 2024/08/27 19:04:49 Done extracting types for package internal/goexperiment.
[2024-08-27 19:04:49] [build-stderr] 2024/08/27 19:04:49 Processing package internal/goos.
[2024-08-27 19:04:49] [build-stderr] 2024/08/27 19:04:49 Extracting types for package internal/goos.
[2024-08-27 19:04:49] [build-stderr] 2024/08/27 19:04:49 Done extracting types for package internal/goos.
[2024-08-27 19:04:49] [build-stderr] 2024/08/27 19:04:49 Processing package runtime/internal/atomic.
[2024-08-27 19:04:49] [build-stderr] 2024/08/27 19:04:49 Extracting types for package runtime/internal/atomic.
[2024-08-27 19:04:49] [build-stderr] 2024/08/27 19:04:49 Done extracting types for package runtime/internal/atomic.
[2024-08-27 19:04:49] [build-stderr] 2024/08/27 19:04:49 Processing package runtime/internal/math.
[2024-08-27 19:04:49] [build-stderr] 2024/08/27 19:04:49 Extracting types for package runtime/internal/math.
[2024-08-27 19:04:49] [build-stderr] 2024/08/27 19:04:49 Done extracting types for package runtime/internal/math.
[2024-08-27 19:04:49] [build-stderr] 2024/08/27 19:04:49 Processing package runtime/internal/sys.
[2024-08-27 19:04:49] [build-stderr] 2024/08/27 19:04:49 Extracting types for package runtime/internal/sys.
[2024-08-27 19:04:49] [build-stderr] 2024/08/27 19:04:49 Done extracting types for package runtime/internal/sys.
[2024-08-27 19:04:49] [build-stderr] 2024/08/27 19:04:49 Processing package runtime.
[2024-08-27 19:04:49] [build-stderr] 2024/08/27 19:04:49 Extracting types for package runtime.
[2024-08-27 19:04:49] [build-stderr] 2024/08/27 19:04:49 Done extracting types for package runtime.
[2024-08-27 19:04:49] [build-stderr] 2024/08/27 19:04:49 Processing package internal/reflectlite.
[2024-08-27 19:04:49] [build-stderr] 2024/08/27 19:04:49 Extracting types for package internal/reflectlite.
[2024-08-27 19:04:49] [build-stderr] 2024/08/27 19:04:49 Done extracting types for package internal/reflectlite.
[2024-08-27 19:04:49] [build-stderr] 2024/08/27 19:04:49 Processing package errors.
[2024-08-27 19:04:49] [build-stderr] 2024/08/27 19:04:49 Extracting types for package errors.
[2024-08-27 19:04:49] [build-stderr] 2024/08/27 19:04:49 Done extracting types for package errors.
[2024-08-27 19:04:49] [build-stderr] 2024/08/27 19:04:49 Processing package internal/itoa.
[2024-08-27 19:04:49] [build-stderr] 2024/08/27 19:04:49 Extracting types for package internal/itoa.
[2024-08-27 19:04:49] [build-stderr] 2024/08/27 19:04:49 Done extracting types for package internal/itoa.
[2024-08-27 19:04:49] [build-stderr] 2024/08/27 19:04:49 Processing package math/bits.
[2024-08-27 19:04:49] [build-stderr] 2024/08/27 19:04:49 Extracting types for package math/bits.
[2024-08-27 19:04:49] [build-stderr] 2024/08/27 19:04:49 Done extracting types for package math/bits.
[2024-08-27 19:04:49] [build-stderr] 2024/08/27 19:04:49 Processing package math.
[2024-08-27 19:04:49] [build-stderr] 2024/08/27 19:04:49 Extracting types for package math.
[2024-08-27 19:04:49] [build-stderr] 2024/08/27 19:04:49 Done extracting types for package math.
[2024-08-27 19:04:49] [build-stderr] 2024/08/27 19:04:49 Processing package unicode/utf8.
[2024-08-27 19:04:49] [build-stderr] 2024/08/27 19:04:49 Extracting types for package unicode/utf8.
[2024-08-27 19:04:49] [build-stderr] 2024/08/27 19:04:49 Done extracting types for package unicode/utf8.
[2024-08-27 19:04:49] [build-stderr] 2024/08/27 19:04:49 Processing package strconv.
[2024-08-27 19:04:49] [build-stderr] 2024/08/27 19:04:49 Extracting types for package strconv.
[2024-08-27 19:04:49] [build-stderr] 2024/08/27 19:04:49 Done extracting types for package strconv.
[2024-08-27 19:04:49] [build-stderr] 2024/08/27 19:04:49 Processing package internal/race.
[2024-08-27 19:04:49] [build-stderr] 2024/08/27 19:04:49 Extracting types for package internal/race.
[2024-08-27 19:04:49] [build-stderr] 2024/08/27 19:04:49 Done extracting types for package internal/race.
[2024-08-27 19:04:49] [build-stderr] 2024/08/27 19:04:49 Processing package sync/atomic.
[2024-08-27 19:04:49] [build-stderr] 2024/08/27 19:04:49 Extracting types for package sync/atomic.
[2024-08-27 19:04:49] [build-stderr] 2024/08/27 19:04:49 Done extracting types for package sync/atomic.
[2024-08-27 19:04:49] [build-stderr] 2024/08/27 19:04:49 Processing package sync.
[2024-08-27 19:04:49] [build-stderr] 2024/08/27 19:04:49 Extracting types for package sync.
[2024-08-27 19:04:49] [build-stderr] 2024/08/27 19:04:49 Done extracting types for package sync.
[2024-08-27 19:04:49] [build-stderr] 2024/08/27 19:04:49 Processing package unicode.
[2024-08-27 19:04:49] [build-stderr] 2024/08/27 19:04:49 Extracting types for package unicode.
[2024-08-27 19:04:49] [build-stderr] 2024/08/27 19:04:49 Done extracting types for package unicode.
[2024-08-27 19:04:49] [build-stderr] 2024/08/27 19:04:49 Processing package reflect.
[2024-08-27 19:04:49] [build-stderr] 2024/08/27 19:04:49 Extracting types for package reflect.
[2024-08-27 19:04:49] [build-stderr] 2024/08/27 19:04:49 Done extracting types for package reflect.
[2024-08-27 19:04:49] [build-stderr] 2024/08/27 19:04:49 Processing package sort.
[2024-08-27 19:04:49] [build-stderr] 2024/08/27 19:04:49 Extracting types for package sort.
[2024-08-27 19:04:49] [build-stderr] 2024/08/27 19:04:49 Done extracting types for package sort.
[2024-08-27 19:04:49] [build-stderr] 2024/08/27 19:04:49 Processing package internal/fmtsort.
[2024-08-27 19:04:49] [build-stderr] 2024/08/27 19:04:49 Extracting types for package internal/fmtsort.
[2024-08-27 19:04:49] [build-stderr] 2024/08/27 19:04:49 Done extracting types for package internal/fmtsort.
[2024-08-27 19:04:49] [build-stderr] 2024/08/27 19:04:49 Processing package io.
[2024-08-27 19:04:49] [build-stderr] 2024/08/27 19:04:49 Extracting types for package io.
[2024-08-27 19:04:49] [build-stderr] 2024/08/27 19:04:49 Done extracting types for package io.
[2024-08-27 19:04:49] [build-stderr] 2024/08/27 19:04:49 Processing package internal/syscall/windows/sysdll.
[2024-08-27 19:04:49] [build-stderr] 2024/08/27 19:04:49 Extracting types for package internal/syscall/windows/sysdll.
[2024-08-27 19:04:49] [build-stderr] 2024/08/27 19:04:49 Done extracting types for package internal/syscall/windows/sysdll.
[2024-08-27 19:04:49] [build-stderr] 2024/08/27 19:04:49 Processing package internal/oserror.
[2024-08-27 19:04:49] [build-stderr] 2024/08/27 19:04:49 Extracting types for package internal/oserror.
[2024-08-27 19:04:49] [build-stderr] 2024/08/27 19:04:49 Done extracting types for package internal/oserror.
[2024-08-27 19:04:49] [build-stderr] 2024/08/27 19:04:49 Processing package unicode/utf16.
[2024-08-27 19:04:49] [build-stderr] 2024/08/27 19:04:49 Extracting types for package unicode/utf16.
[2024-08-27 19:04:49] [build-stderr] 2024/08/27 19:04:49 Done extracting types for package unicode/utf16.
[2024-08-27 19:04:49] [build-stderr] 2024/08/27 19:04:49 Processing package syscall.
[2024-08-27 19:04:49] [build-stderr] 2024/08/27 19:04:49 Extracting types for package syscall.
[2024-08-27 19:04:49] [build-stderr] 2024/08/27 19:04:49 Done extracting types for package syscall.
[2024-08-27 19:04:49] [build-stderr] 2024/08/27 19:04:49 Processing package internal/syscall/windows.
[2024-08-27 19:04:49] [build-stderr] 2024/08/27 19:04:49 Extracting types for package internal/syscall/windows.
[2024-08-27 19:04:49] [build-stderr] 2024/08/27 19:04:49 Done extracting types for package internal/syscall/windows.
[2024-08-27 19:04:49] [build-stderr] 2024/08/27 19:04:49 Processing package internal/syscall/windows/registry.
[2024-08-27 19:04:49] [build-stderr] 2024/08/27 19:04:49 Extracting types for package internal/syscall/windows/registry.
[2024-08-27 19:04:49] [build-stderr] 2024/08/27 19:04:49 Done extracting types for package internal/syscall/windows/registry.
[2024-08-27 19:04:49] [build-stderr] 2024/08/27 19:04:49 Processing package time.
[2024-08-27 19:04:49] [build-stderr] 2024/08/27 19:04:49 Extracting types for package time.
[2024-08-27 19:04:49] [build-stderr] 2024/08/27 19:04:49 Done extracting types for package time.
[2024-08-27 19:04:49] [build-stderr] 2024/08/27 19:04:49 Processing package internal/poll.
[2024-08-27 19:04:49] [build-stderr] 2024/08/27 19:04:49 Extracting types for package internal/poll.
[2024-08-27 19:04:49] [build-stderr] 2024/08/27 19:04:49 Done extracting types for package internal/poll.
[2024-08-27 19:04:49] [build-stderr] 2024/08/27 19:04:49 Processing package internal/safefilepath.
[2024-08-27 19:04:49] [build-stderr] 2024/08/27 19:04:49 Extracting types for package internal/safefilepath.
[2024-08-27 19:04:49] [build-stderr] 2024/08/27 19:04:49 Done extracting types for package internal/safefilepath.
[2024-08-27 19:04:49] [build-stderr] 2024/08/27 19:04:49 Processing package internal/syscall/execenv.
[2024-08-27 19:04:49] [build-stderr] 2024/08/27 19:04:49 Extracting types for package internal/syscall/execenv.
[2024-08-27 19:04:49] [build-stderr] 2024/08/27 19:04:49 Done extracting types for package internal/syscall/execenv.
[2024-08-27 19:04:49] [build-stderr] 2024/08/27 19:04:49 Processing package internal/testlog.
[2024-08-27 19:04:49] [build-stderr] 2024/08/27 19:04:49 Extracting types for package internal/testlog.
[2024-08-27 19:04:49] [build-stderr] 2024/08/27 19:04:49 Done extracting types for package internal/testlog.
[2024-08-27 19:04:49] [build-stderr] 2024/08/27 19:04:49 Processing package path.
[2024-08-27 19:04:49] [build-stderr] 2024/08/27 19:04:49 Extracting types for package path.
[2024-08-27 19:04:49] [build-stderr] 2024/08/27 19:04:49 Done extracting types for package path.
[2024-08-27 19:04:49] [build-stderr] 2024/08/27 19:04:49 Processing package io/fs.
[2024-08-27 19:04:49] [build-stderr] 2024/08/27 19:04:49 Extracting types for package io/fs.
[2024-08-27 19:04:49] [build-stderr] 2024/08/27 19:04:49 Done extracting types for package io/fs.
[2024-08-27 19:04:49] [build-stderr] 2024/08/27 19:04:49 Processing package os.
[2024-08-27 19:04:49] [build-stderr] 2024/08/27 19:04:49 Extracting types for package os.
[2024-08-27 19:04:49] [build-stderr] 2024/08/27 19:04:49 Done extracting types for package os.
[2024-08-27 19:04:49] [build-stderr] 2024/08/27 19:04:49 Processing package fmt.
[2024-08-27 19:04:49] [build-stderr] 2024/08/27 19:04:49 Extracting types for package fmt.
[2024-08-27 19:04:49] [build-stderr] 2024/08/27 19:04:49 Done extracting types for package fmt.
[2024-08-27 19:04:49] [build-stderr] 2024/08/27 19:04:49 Processing package project/lib.
[2024-08-27 19:04:49] [build-stderr] 2024/08/27 19:04:49 Extracting types for package project/lib.
[2024-08-27 19:04:49] [build-stderr] 2024/08/27 19:04:49 Done extracting types for package project/lib.
[2024-08-27 19:04:49] [build-stderr] 2024/08/27 19:04:49 Processing package project.
[2024-08-27 19:04:49] [build-stderr] 2024/08/27 19:04:49 Extracting types for package project.
[2024-08-27 19:04:49] [build-stderr] 2024/08/27 19:04:49 Done extracting types for package project.
[2024-08-27 19:04:49] [build-stderr] 2024/08/27 19:04:49 Done processing dependencies.
[2024-08-27 19:04:49] [build-stderr] 2024/08/27 19:04:49 Starting to extract packages.
[2024-08-27 19:04:49] [build-stderr] 2024/08/27 19:04:49 Skipping dependency package internal/goarch.
[2024-08-27 19:04:49] [build-stderr] 2024/08/27 19:04:49 Skipping dependency package unsafe.
[2024-08-27 19:04:49] [build-stderr] 2024/08/27 19:04:49 Skipping dependency package internal/unsafeheader.
[2024-08-27 19:04:49] [build-stderr] 2024/08/27 19:04:49 Skipping dependency package internal/abi.
[2024-08-27 19:04:49] [build-stderr] 2024/08/27 19:04:49 Skipping dependency package internal/cpu.
[2024-08-27 19:04:49] [build-stderr] 2024/08/27 19:04:49 Skipping dependency package internal/bytealg.
[2024-08-27 19:04:49] [build-stderr] 2024/08/27 19:04:49 Skipping dependency package internal/coverage/rtcov.
[2024-08-27 19:04:49] [build-stderr] 2024/08/27 19:04:49 Skipping dependency package internal/goexperiment.
[2024-08-27 19:04:49] [build-stderr] 2024/08/27 19:04:49 Skipping dependency package internal/goos.
[2024-08-27 19:04:49] [build-stderr] 2024/08/27 19:04:49 Skipping dependency package runtime/internal/atomic.
[2024-08-27 19:04:49] [build-stderr] 2024/08/27 19:04:49 Skipping dependency package runtime/internal/math.
[2024-08-27 19:04:49] [build-stderr] 2024/08/27 19:04:49 Skipping dependency package runtime/internal/sys.
[2024-08-27 19:04:49] [build-stderr] 2024/08/27 19:04:49 Skipping dependency package runtime.
[2024-08-27 19:04:49] [build-stderr] 2024/08/27 19:04:49 Skipping dependency package internal/reflectlite.
[2024-08-27 19:04:49] [build-stderr] 2024/08/27 19:04:49 Skipping dependency package errors.
[2024-08-27 19:04:49] [build-stderr] 2024/08/27 19:04:49 Skipping dependency package internal/itoa.
[2024-08-27 19:04:49] [build-stderr] 2024/08/27 19:04:49 Skipping dependency package math/bits.
[2024-08-27 19:04:49] [build-stderr] 2024/08/27 19:04:49 Skipping dependency package math.
[2024-08-27 19:04:49] [build-stderr] 2024/08/27 19:04:49 Skipping dependency package unicode/utf8.
[2024-08-27 19:04:49] [build-stderr] 2024/08/27 19:04:49 Skipping dependency package strconv.
[2024-08-27 19:04:49] [build-stderr] 2024/08/27 19:04:49 Skipping dependency package internal/race.
[2024-08-27 19:04:49] [build-stderr] 2024/08/27 19:04:49 Skipping dependency package sync/atomic.
[2024-08-27 19:04:49] [build-stderr] 2024/08/27 19:04:49 Skipping dependency package sync.
[2024-08-27 19:04:49] [build-stderr] 2024/08/27 19:04:49 Skipping dependency package unicode.
[2024-08-27 19:04:49] [build-stderr] 2024/08/27 19:04:49 Skipping dependency package reflect.
[2024-08-27 19:04:49] [build-stderr] 2024/08/27 19:04:49 Skipping dependency package sort.
[2024-08-27 19:04:49] [build-stderr] 2024/08/27 19:04:49 Skipping dependency package internal/fmtsort.
[2024-08-27 19:04:49] [build-stderr] 2024/08/27 19:04:49 Skipping dependency package io.
[2024-08-27 19:04:49] [build-stderr] 2024/08/27 19:04:49 Skipping dependency package internal/syscall/windows/sysdll.
[2024-08-27 19:04:49] [build-stderr] 2024/08/27 19:04:49 Skipping dependency package internal/oserror.
[2024-08-27 19:04:49] [build-stderr] 2024/08/27 19:04:49 Skipping dependency package unicode/utf16.
[2024-08-27 19:04:49] [build-stderr] 2024/08/27 19:04:49 Skipping dependency package syscall.
[2024-08-27 19:04:49] [build-stderr] 2024/08/27 19:04:49 Skipping dependency package internal/syscall/windows.
[2024-08-27 19:04:49] [build-stderr] 2024/08/27 19:04:49 Skipping dependency package internal/syscall/windows/registry.
[2024-08-27 19:04:49] [build-stderr] 2024/08/27 19:04:49 Skipping dependency package time.
[2024-08-27 19:04:49] [build-stderr] 2024/08/27 19:04:49 Skipping dependency package internal/poll.
[2024-08-27 19:04:49] [build-stderr] 2024/08/27 19:04:49 Skipping dependency package internal/safefilepath.
[2024-08-27 19:04:49] [build-stderr] 2024/08/27 19:04:49 Skipping dependency package internal/syscall/execenv.
[2024-08-27 19:04:49] [build-stderr] 2024/08/27 19:04:49 Skipping dependency package internal/testlog.
[2024-08-27 19:04:49] [build-stderr] 2024/08/27 19:04:49 Skipping dependency package path.
[2024-08-27 19:04:49] [build-stderr] 2024/08/27 19:04:49 Skipping dependency package io/fs.
[2024-08-27 19:04:49] [build-stderr] 2024/08/27 19:04:49 Skipping dependency package os.
[2024-08-27 19:04:49] [build-stderr] 2024/08/27 19:04:49 Skipping dependency package fmt.
[2024-08-27 19:04:49] [build-stderr] 2024/08/27 19:04:49 Extracting C:\Users\Twisl\Desktop\unimp-checker\simple_case\go.mod
[2024-08-27 19:04:49] [build-stderr] 2024/08/27 19:04:49 Extracting C:\Users\Twisl\Desktop\unimp-checker\simple_case\lib\library.go
[2024-08-27 19:04:49] [build-stderr] 2024/08/27 19:04:49 Done extracting C:\Users\Twisl\Desktop\unimp-checker\simple_case\go.mod (9ms)
[2024-08-27 19:04:49] [build-stderr] 2024/08/27 19:04:49 Extracting C:\Users\Twisl\Desktop\unimp-checker\simple_case\go.mod
[2024-08-27 19:04:49] [build-stderr] 2024/08/27 19:04:49 Done extracting C:\Users\Twisl\Desktop\unimp-checker\simple_case\lib\library.go (8ms)
[2024-08-27 19:04:49] [build-stderr] 2024/08/27 19:04:49 Extracting C:\Users\Twisl\Desktop\unimp-checker\simple_case\main.go
[2024-08-27 19:04:49] [build-stderr] 2024/08/27 19:04:49 Done extracting C:\Users\Twisl\Desktop\unimp-checker\simple_case\go.mod (0ms)
[2024-08-27 19:04:49] [build-stderr] 2024/08/27 19:04:49 Done extracting C:\Users\Twisl\Desktop\unimp-checker\simple_case\main.go (2ms)
[2024-08-27 19:04:49] [build-stderr] 2024/08/27 19:04:49 Done extracting packages.
[2024-08-27 19:04:49] [build-stderr] 2024/08/27 19:04:49 Success: extraction succeeded for all 1 discovered project(s).
[2024-08-27 19:04:49] Plumbing command codeql database trace-command completed.
[2024-08-27 19:04:49] [PROGRESS] database create> Finalizing database at C:\Users\Twisl\Desktop\unimp-checker\database.
[2024-08-27 19:04:49] Running plumbing command: codeql database finalize --no-db-cluster -- C:\Users\Twisl\Desktop\unimp-checker\database
[2024-08-27 19:04:49] Using pre-finalize script D:\codeql\go\tools\pre-finalize.cmd.
[2024-08-27 19:04:49] [PROGRESS] database finalize> Running pre-finalize script D:\codeql\go\tools\pre-finalize.cmd in C:\Users\Twisl\Desktop\unimp-checker\simple_case.
[2024-08-27 19:04:49] Running plumbing command: codeql database trace-command --working-dir=C:\Users\Twisl\Desktop\unimp-checker\simple_case --no-tracing -- C:\Users\Twisl\Desktop\unimp-checker\database D:\codeql\go\tools\pre-finalize.cmd
[2024-08-27 19:04:49] [PROGRESS] database trace-command> Running command in C:\Users\Twisl\Desktop\unimp-checker\simple_case: [D:\codeql\go\tools\pre-finalize.cmd]
[2024-08-27 19:04:50] [build-stderr] Scanning for files in C:\Users\Twisl\Desktop\unimp-checker\simple_case...
[2024-08-27 19:04:50] Plumbing command codeql database trace-command completed.
[2024-08-27 19:04:50] [PROGRESS] database finalize> Running TRAP import for CodeQL database at C:\Users\Twisl\Desktop\unimp-checker\database...
[2024-08-27 19:04:50] Running plumbing command: codeql dataset import --dbscheme=D:\codeql\go\go.dbscheme -- C:\Users\Twisl\Desktop\unimp-checker\database\db-go C:\Users\Twisl\Desktop\unimp-checker\database\trap\go
[2024-08-27 19:04:50] Clearing disk cache since the version file C:\Users\Twisl\Desktop\unimp-checker\database\db-go\default\cache\version does not exist
[2024-08-27 19:04:50] Tuple pool not found. Clearing relations with cached strings
[2024-08-27 19:04:50] Trimming disk cache at C:\Users\Twisl\Desktop\unimp-checker\database\db-go\default\cache in mode clear.
[2024-08-27 19:04:50] Sequence stamp origin is -6145911408840860727
[2024-08-27 19:04:50] Pausing evaluation to hard-clear memory at sequence stamp o+0
[2024-08-27 19:04:50] Unpausing evaluation
[2024-08-27 19:04:50] Pausing evaluation to quickly trim disk at sequence stamp o+1
[2024-08-27 19:04:50] Unpausing evaluation
[2024-08-27 19:04:50] Pausing evaluation to zealously trim disk at sequence stamp o+2
[2024-08-27 19:04:50] Unpausing evaluation
[2024-08-27 19:04:50] Trimming completed (7ms): Purged everything.
[2024-08-27 19:04:50] Scanning for files in C:\Users\Twisl\Desktop\unimp-checker\database\trap\go
[2024-08-27 19:04:50] Found 51 TRAP files (570.12 KiB)
[2024-08-27 19:04:50] [PROGRESS] dataset import> Importing TRAP files
[2024-08-27 19:04:51] Importing go.mod.trap.gz (1 of 51)
[2024-08-27 19:04:51] Importing library.go.trap.gz (2 of 51)
[2024-08-27 19:04:51] Importing main.go.trap.gz (3 of 51)
[2024-08-27 19:04:51] Importing 28f530e9e525976ed00ea880e495de_0.trap.gz (4 of 51)
[2024-08-27 19:04:51] Importing errors.trap.gz (5 of 51)
[2024-08-27 19:04:51] Importing fmt.trap.gz (6 of 51)
[2024-08-27 19:04:51] Importing abi.trap.gz (7 of 51)
[2024-08-27 19:04:51] Importing bytealg.trap.gz (8 of 51)
[2024-08-27 19:04:51] Importing rtcov.trap.gz (9 of 51)
[2024-08-27 19:04:51] Importing cpu.trap.gz (10 of 51)
[2024-08-27 19:04:51] Importing fmtsort.trap.gz (11 of 51)
[2024-08-27 19:04:51] Importing goarch.trap.gz (12 of 51)
[2024-08-27 19:04:51] Importing goexperiment.trap.gz (13 of 51)
[2024-08-27 19:04:51] Importing goos.trap.gz (14 of 51)
[2024-08-27 19:04:51] Importing itoa.trap.gz (15 of 51)
[2024-08-27 19:04:51] Importing oserror.trap.gz (16 of 51)
[2024-08-27 19:04:51] Importing poll.trap.gz (17 of 51)
[2024-08-27 19:04:51] Importing race.trap.gz (18 of 51)
[2024-08-27 19:04:51] Importing reflectlite.trap.gz (19 of 51)
[2024-08-27 19:04:51] Importing safefilepath.trap.gz (20 of 51)
[2024-08-27 19:04:51] Importing execenv.trap.gz (21 of 51)
[2024-08-27 19:04:51] Importing registry.trap.gz (22 of 51)
[2024-08-27 19:04:51] Importing sysdll.trap.gz (23 of 51)
[2024-08-27 19:04:51] Importing windows.trap.gz (24 of 51)
[2024-08-27 19:04:51] Importing testlog.trap.gz (25 of 51)
[2024-08-27 19:04:51] Importing unsafeheader.trap.gz (26 of 51)
[2024-08-27 19:04:51] Importing fs.trap.gz (27 of 51)
[2024-08-27 19:04:51] Importing io.trap.gz (28 of 51)
[2024-08-27 19:04:51] Importing bits.trap.gz (29 of 51)
[2024-08-27 19:04:51] Importing math.trap.gz (30 of 51)
[2024-08-27 19:04:51] Importing os.trap.gz (31 of 51)
[2024-08-27 19:04:51] Importing path.trap.gz (32 of 51)
[2024-08-27 19:04:51] Importing lib.trap.gz (33 of 51)
[2024-08-27 19:04:51] Importing project.trap.gz (34 of 51)
[2024-08-27 19:04:51] Importing reflect.trap.gz (35 of 51)
[2024-08-27 19:04:51] Importing atomic.trap.gz (36 of 51)
[2024-08-27 19:04:51] Importing math.trap.gz (37 of 51)
[2024-08-27 19:04:51] Importing sys.trap.gz (38 of 51)
[2024-08-27 19:04:51] Importing runtime.trap.gz (39 of 51)
[2024-08-27 19:04:51] Importing sort.trap.gz (40 of 51)
[2024-08-27 19:04:51] Importing sourceLocationPrefix.trap.gz (41 of 51)
[2024-08-27 19:04:51] Importing strconv.trap.gz (42 of 51)
[2024-08-27 19:04:51] Importing atomic.trap.gz (43 of 51)
[2024-08-27 19:04:51] Importing sync.trap.gz (44 of 51)
[2024-08-27 19:04:51] Importing syscall.trap.gz (45 of 51)
[2024-08-27 19:04:51] Importing time.trap.gz (46 of 51)
[2024-08-27 19:04:51] Importing utf16.trap.gz (47 of 51)
[2024-08-27 19:04:51] Importing utf8.trap.gz (48 of 51)
[2024-08-27 19:04:51] Importing unicode.trap.gz (49 of 51)
[2024-08-27 19:04:51] Importing universe.trap.gz (50 of 51)
[2024-08-27 19:04:51] Importing unsafe.trap.gz (51 of 51)
[2024-08-27 19:04:51] [PROGRESS] dataset import> Merging relations
[2024-08-27 19:04:51] Merging 1 fragment for 'folders'.
[2024-08-27 19:04:51] Merged 56 bytes for 'folders'.
[2024-08-27 19:04:51] Merging 1 fragment for 'containerparent'.
[2024-08-27 19:04:51] Merged 72 bytes for 'containerparent'.
[2024-08-27 19:04:51] Merging 1 fragment for 'files'.
[2024-08-27 19:04:51] Merged 24 bytes for 'files'.
[2024-08-27 19:04:51] Merging 1 fragment for 'locations_default'.
[2024-08-27 19:04:51] Merged 3984 bytes (3.89 KiB) for 'locations_default'.
[2024-08-27 19:04:51] Merging 1 fragment for 'has_location'.
[2024-08-27 19:04:51] Merged 1488 bytes (1.45 KiB) for 'has_location'.
[2024-08-27 19:04:51] Merging 1 fragment for 'modtokens'.
[2024-08-27 19:04:51] Merged 48 bytes for 'modtokens'.
[2024-08-27 19:04:51] Merging 1 fragment for 'modexprs'.
[2024-08-27 19:04:51] Merged 32 bytes for 'modexprs'.
[2024-08-27 19:04:51] Merging 1 fragment for 'scopes'.
[2024-08-27 19:04:51] Merged 440 bytes for 'scopes'.
[2024-08-27 19:04:51] Merging 1 fragment for 'scopenesting'.
[2024-08-27 19:04:51] Merged 432 bytes for 'scopenesting'.
[2024-08-27 19:04:51] Merging 1 fragment for 'objects'.
[2024-08-27 19:04:51] Merged 155220 bytes (151.58 KiB) for 'objects'.
[2024-08-27 19:04:51] Merging 1 fragment for 'objectscopes'.
[2024-08-27 19:04:51] Merged 57648 bytes (56.30 KiB) for 'objectscopes'.
[2024-08-27 19:04:51] Merging 1 fragment for 'typename'.
[2024-08-27 19:04:51] Merged 5424 bytes (5.30 KiB) for 'typename'.
[2024-08-27 19:04:51] Merging 1 fragment for 'types'.
[2024-08-27 19:04:51] Merged 30240 bytes (29.53 KiB) for 'types'.
[2024-08-27 19:04:51] Merging 1 fragment for 'fieldstructs'.
[2024-08-27 19:04:51] Merged 21304 bytes (20.80 KiB) for 'fieldstructs'.
[2024-08-27 19:04:51] Merging 1 fragment for 'component_types'.
[2024-08-27 19:04:51] Merged 137936 bytes (134.70 KiB) for 'component_types'.
[2024-08-27 19:04:51] Merging 1 fragment for 'underlying_type'.
[2024-08-27 19:04:51] Merged 5424 bytes (5.30 KiB) for 'underlying_type'.
[2024-08-27 19:04:51] Merging 1 fragment for 'type_objects'.
[2024-08-27 19:04:51] Merged 5424 bytes (5.30 KiB) for 'type_objects'.
[2024-08-27 19:04:51] Merging 1 fragment for 'base_type'.
[2024-08-27 19:04:51] Merged 3224 bytes (3.15 KiB) for 'base_type'.
[2024-08-27 19:04:51] Merging 1 fragment for 'methodreceivers'.
[2024-08-27 19:04:51] Merged 12272 bytes (11.98 KiB) for 'methodreceivers'.
[2024-08-27 19:04:51] Merging 1 fragment for 'literals'.
[2024-08-27 19:04:51] Merged 936 bytes for 'literals'.
[2024-08-27 19:04:51] Merging 1 fragment for 'exprs'.
[2024-08-27 19:04:51] Merged 1872 bytes (1.83 KiB) for 'exprs'.
[2024-08-27 19:04:51] Merging 1 fragment for 'specs'.
[2024-08-27 19:04:51] Merged 96 bytes for 'specs'.
[2024-08-27 19:04:51] Merging 1 fragment for 'decls'.
[2024-08-27 19:04:51] Merged 160 bytes for 'decls'.
[2024-08-27 19:04:51] Merging 1 fragment for 'type_of'.
[2024-08-27 19:04:51] Merged 832 bytes for 'type_of'.
[2024-08-27 19:04:51] Merging 1 fragment for 'defs'.
[2024-08-27 19:04:51] Merged 176 bytes for 'defs'.
[2024-08-27 19:04:51] Merging 1 fragment for 'fields'.
[2024-08-27 19:04:51] Merged 144 bytes for 'fields'.
[2024-08-27 19:04:51] Merging 1 fragment for 'uses'.
[2024-08-27 19:04:51] Merged 344 bytes for 'uses'.
[2024-08-27 19:04:51] Merging 1 fragment for 'doc_comments'.
[2024-08-27 19:04:51] Merged 24 bytes for 'doc_comments'.
[2024-08-27 19:04:51] Merging 1 fragment for 'scopenodes'.
[2024-08-27 19:04:51] Merged 72 bytes for 'scopenodes'.
[2024-08-27 19:04:51] Merging 1 fragment for 'constvalues'.
[2024-08-27 19:04:51] Merged 96 bytes for 'constvalues'.
[2024-08-27 19:04:51] Merging 1 fragment for 'stmts'.
[2024-08-27 19:04:51] Merged 272 bytes for 'stmts'.
[2024-08-27 19:04:51] Merging 1 fragment for 'methodhosts'.
[2024-08-27 19:04:51] Merged 1120 bytes (1.09 KiB) for 'methodhosts'.
[2024-08-27 19:04:51] Merging 1 fragment for 'element_type'.
[2024-08-27 19:04:51] Merged 2056 bytes (2.01 KiB) for 'element_type'.
[2024-08-27 19:04:51] Merging 1 fragment for 'variadic'.
[2024-08-27 19:04:51] Merged 112 bytes for 'variadic'.
[2024-08-27 19:04:51] Merging 1 fragment for 'comment_groups'.
[2024-08-27 19:04:51] Merged 60 bytes for 'comment_groups'.
[2024-08-27 19:04:51] Merging 1 fragment for 'comments'.
[2024-08-27 19:04:51] Merged 100 bytes for 'comments'.
[2024-08-27 19:04:51] Merging 1 fragment for 'objecttypes'.
[2024-08-27 19:04:51] Merged 103152 bytes (100.73 KiB) for 'objecttypes'.
[2024-08-27 19:04:51] Merging 1 fragment for 'numlines'.
[2024-08-27 19:04:51] Merged 32 bytes for 'numlines'.
[2024-08-27 19:04:51] Merging 1 fragment for 'compilations'.
[2024-08-27 19:04:51] Merged 8 bytes for 'compilations'.
[2024-08-27 19:04:51] Merging 1 fragment for 'compilation_args'.
[2024-08-27 19:04:51] Merged 36 bytes for 'compilation_args'.
[2024-08-27 19:04:51] Merging 1 fragment for 'compilation_compiling_files'.
[2024-08-27 19:04:51] Merged 36 bytes for 'compilation_compiling_files'.
[2024-08-27 19:04:51] Merging 1 fragment for 'compilation_finished'.
[2024-08-27 19:04:51] Merged 20 bytes for 'compilation_finished'.
[2024-08-27 19:04:51] Merging 1 fragment for 'packages'.
[2024-08-27 19:04:51] Merged 720 bytes for 'packages'.
[2024-08-27 19:04:51] Merging 1 fragment for 'array_length'.
[2024-08-27 19:04:51] Merged 1160 bytes (1.13 KiB) for 'array_length'.
[2024-08-27 19:04:51] Merging 1 fragment for 'key_type'.
[2024-08-27 19:04:51] Merged 128 bytes for 'key_type'.
[2024-08-27 19:04:51] Merging 1 fragment for 'typeparam'.
[2024-08-27 19:04:51] Merged 300 bytes for 'typeparam'.
[2024-08-27 19:04:51] Merging 1 fragment for 'sourceLocationPrefix'.
[2024-08-27 19:04:51] Merged 4 bytes for 'sourceLocationPrefix'.
[2024-08-27 19:04:51] Saving string and id pools to disk.
[2024-08-27 19:04:51] Finished importing TRAP files.
[2024-08-27 19:04:51] Read 3.29 MiB of uncompressed TRAP data.
[2024-08-27 19:04:51] Relation data size: 541.76 KiB (merge rate: 4.74 MiB/s)
[2024-08-27 19:04:51] String pool size: 2.22 MiB
[2024-08-27 19:04:51] ID pool size: 1.38 MiB
[2024-08-27 19:04:51] [PROGRESS] dataset import> Finished writing database (relations: 541.76 KiB; string pool: 2.22 MiB).
[2024-08-27 19:04:51] Pausing evaluation to close the cache at sequence stamp o+3
[2024-08-27 19:04:51] The disk cache is freshly trimmed; leave it be.
[2024-08-27 19:04:51] Unpausing evaluation
[2024-08-27 19:04:51] Plumbing command codeql dataset import completed.
[2024-08-27 19:04:51] [PROGRESS] database finalize> TRAP import complete (1.1s).
[2024-08-27 19:04:51] Running plumbing command: codeql database cleanup -- C:\Users\Twisl\Desktop\unimp-checker\database
[2024-08-27 19:04:51] [PROGRESS] database cleanup> Cleaning up existing TRAP files after import...
[2024-08-27 19:04:51] [PROGRESS] database cleanup> TRAP files cleaned up (19ms).
[2024-08-27 19:04:51] [PROGRESS] database cleanup> Cleaning up scratch directory...
[2024-08-27 19:04:51] [PROGRESS] database cleanup> Scratch directory cleaned up (0ms).
[2024-08-27 19:04:51] Running plumbing command: codeql dataset cleanup -- C:\Users\Twisl\Desktop\unimp-checker\database\db-go
[2024-08-27 19:04:51] [PROGRESS] dataset cleanup> Cleaning up dataset in C:\Users\Twisl\Desktop\unimp-checker\database\db-go.
[2024-08-27 19:04:51] Trimming disk cache at C:\Users\Twisl\Desktop\unimp-checker\database\db-go\default\cache in mode trim.
[2024-08-27 19:04:51] Sequence stamp origin is -6145911404529932044
[2024-08-27 19:04:51] Pausing evaluation to quickly trim memory at sequence stamp o+0
[2024-08-27 19:04:51] Unpausing evaluation
[2024-08-27 19:04:51] Pausing evaluation to zealously trim disk at sequence stamp o+1
[2024-08-27 19:04:51] Unpausing evaluation
[2024-08-27 19:04:51] Trimming completed (3ms): Trimmed disposable data from cache.
[2024-08-27 19:04:51] Pausing evaluation to close the cache at sequence stamp o+2
[2024-08-27 19:04:51] The disk cache is freshly trimmed; leave it be.
[2024-08-27 19:04:51] Unpausing evaluation
[2024-08-27 19:04:51] [PROGRESS] dataset cleanup> Trimmed disposable data from cache.
[2024-08-27 19:04:51] [PROGRESS] dataset cleanup> Finalizing dataset in C:\Users\Twisl\Desktop\unimp-checker\database\db-go
[2024-08-27 19:04:51] [DETAILS] dataset cleanup> Finished deleting ID pool from C:\Users\Twisl\Desktop\unimp-checker\database\db-go (3ms).
[2024-08-27 19:04:51] Plumbing command codeql dataset cleanup completed.
[2024-08-27 19:04:51] Plumbing command codeql database cleanup completed with status 0.
[2024-08-27 19:04:51] [PROGRESS] database finalize> Finished zipping source archive (1.17 KiB).
[2024-08-27 19:04:51] Plumbing command codeql database finalize completed.
[2024-08-27 19:04:51] [PROGRESS] database create> Successfully created database at C:\Users\Twisl\Desktop\unimp-checker\database.
[2024-08-27 19:04:51] Terminating normally.
