[2024-09-01 21:59:26] This is codeql database create database -s .\real_case\ --language=go --overwrite
[2024-09-01 21:59:26] Log file was started late.
[2024-09-01 21:59:26] [PROGRESS] database create> Initializing database at C:\Users\Twisl\Desktop\unimp-checker\database.
[2024-09-01 21:59:26] Running plumbing command: codeql database init --overwrite --language=go --extractor-options-verbosity=1 --qlconfig-file=C:\Users\Twisl\Desktop\unimp-checker\qlconfig.yml --source-root=C:\Users\Twisl\Desktop\unimp-checker\real_case --allow-missing-source-root=false --allow-already-existing -- C:\Users\Twisl\Desktop\unimp-checker\database
[2024-09-01 21:59:26] Calling plumbing command: codeql resolve languages --extractor-options-verbosity=1 --format=betterjson
[2024-09-01 21:59:26] [DETAILS] resolve languages> Scanning for [codeql-extractor.yml] from D:\codeql\.codeqlmanifest.json
[2024-09-01 21:59:26] [DETAILS] resolve languages> Parsing D:\codeql\cpp\codeql-extractor.yml.
[2024-09-01 21:59:26] [DETAILS] resolve languages> Parsing D:\codeql\csharp\codeql-extractor.yml.
[2024-09-01 21:59:26] [DETAILS] resolve languages> Parsing D:\codeql\csv\codeql-extractor.yml.
[2024-09-01 21:59:26] [DETAILS] resolve languages> Parsing D:\codeql\go\codeql-extractor.yml.
[2024-09-01 21:59:26] [DETAILS] resolve languages> Parsing D:\codeql\html\codeql-extractor.yml.
[2024-09-01 21:59:26] [DETAILS] resolve languages> Parsing D:\codeql\java\codeql-extractor.yml.
[2024-09-01 21:59:26] [DETAILS] resolve languages> Parsing D:\codeql\javascript\codeql-extractor.yml.
[2024-09-01 21:59:26] [DETAILS] resolve languages> Parsing D:\codeql\properties\codeql-extractor.yml.
[2024-09-01 21:59:26] [DETAILS] resolve languages> Parsing D:\codeql\python\codeql-extractor.yml.
[2024-09-01 21:59:26] [DETAILS] resolve languages> Parsing D:\codeql\ruby\codeql-extractor.yml.
[2024-09-01 21:59:26] [DETAILS] resolve languages> Parsing D:\codeql\swift\codeql-extractor.yml.
[2024-09-01 21:59:26] [DETAILS] resolve languages> Parsing D:\codeql\xml\codeql-extractor.yml.
[2024-09-01 21:59:26] [DETAILS] resolve languages> Parsing D:\codeql\yaml\codeql-extractor.yml.
[2024-09-01 21:59:26] Plumbing command codeql resolve languages completed:
                      {
                        "aliases" : {
                          "c" : "cpp",
                          "c++" : "cpp",
                          "c-c++" : "cpp",
                          "c-cpp" : "cpp",
                          "c#" : "csharp",
                          "java-kotlin" : "java",
                          "kotlin" : "java",
                          "javascript-typescript" : "javascript",
                          "typescript" : "javascript"
                        },
                        "extractors" : {
                          "cpp" : [
                            {
                              "extractor_root" : "D:\\codeql\\cpp",
                              "extractor_options" : { }
                            }
                          ],
                          "csharp" : [
                            {
                              "extractor_root" : "D:\\codeql\\csharp",
                              "extractor_options" : {
                                "trap" : {
                                  "title" : "Options pertaining to TRAP.",
                                  "description" : "Options pertaining to TRAP.",
                                  "type" : "object",
                                  "properties" : {
                                    "compression" : {
                                      "title" : "Controls compression for the TRAP files written by the extractor.",
                                      "description" : "This option is only intended for use in debugging the extractor. Accepted values are 'brotli' (the default, to write brotli-compressed TRAP), 'gzip', and 'none' (to write uncompressed TRAP).\n",
                                      "type" : "string",
                                      "pattern" : "^(none|gzip|brotli)$"
                                    }
                                  }
                                },
                                "buildless" : {
                                  "title" : "DEPRECATED - Whether to use buildless (standalone) extraction.",
                                  "description" : "DEPRECATED: Use `--build-mode none` instead.\nA value indicating, which type of extraction the autobuilder should perform. If 'true', then the standalone extractor will be used, otherwise tracing extraction will be performed. The default is 'false'. Note that buildless extraction will generally yield less accurate analysis results, and should only be used in cases where it is not possible to build the code (for example if it uses inaccessible dependencies).\n",
                                  "type" : "string",
                                  "pattern" : "^(false|true)$"
                                },
                                "logging" : {
                                  "title" : "Options pertaining to logging.",
                                  "description" : "Options pertaining to logging.",
                                  "type" : "object",
                                  "properties" : {
                                    "verbosity" : {
                                      "title" : "Extractor logging verbosity level.",
                                      "description" : "Controls the level of verbosity of the extractor. The supported levels are (in order of increasing verbosity):\n  - off\n  - errors\n  - warnings\n  - info or progress\n  - debug or progress+\n  - trace or progress++\n  - progress+++\n",
                                      "type" : "string",
                                      "pattern" : "^(off|errors|warnings|(info|progress)|(debug|progress\\+)|(trace|progress\\+\\+)|progress\\+\\+\\+)$"
                                    }
                                  }
                                },
                                "binlog" : {
                                  "title" : "Binlog",
                                  "description" : "[EXPERIMENTAL] The value is a path to the MsBuild binary log file that should be extracted. This option only works when `--build-mode none` is also specified.\n",
                                  "type" : "string"
                                }
                              }
                            }
                          ],
                          "csv" : [
                            {
                              "extractor_root" : "D:\\codeql\\csv"
                            }
                          ],
                          "go" : [
                            {
                              "extractor_root" : "D:\\codeql\\go"
                            }
                          ],
                          "html" : [
                            {
                              "extractor_root" : "D:\\codeql\\html"
                            }
                          ],
                          "java" : [
                            {
                              "extractor_root" : "D:\\codeql\\java",
                              "extractor_options" : {
                                "exclude" : {
                                  "title" : "A glob excluding files from analysis.",
                                  "description" : "A glob indicating what files to exclude from the analysis.\n",
                                  "type" : "string"
                                },
                                "add_prefer_source" : {
                                  "title" : "Whether to always prefer source files over class files.",
                                  "description" : "A value indicating whether source files should be preferred over class files. If set to 'true', the extraction adds '-Xprefer:source' to the javac command line. If set to 'false', the extraction uses the default javac behavior ('-Xprefer:newer'). The default is 'true'.\n",
                                  "type" : "string",
                                  "pattern" : "^(false|true)$"
                                },
                                "buildless" : {
                                  "title" : "Whether to use buildless (standalone) extraction (experimental).",
                                  "description" : "A value indicating, which type of extraction the autobuilder should perform. If 'true', then the standalone extractor will be used, otherwise tracing extraction will be performed. The default is 'false'. Note that buildless extraction will generally yield less accurate analysis results, and should only be used in cases where it is not possible to build the code (for example if it uses inaccessible dependencies).\n",
                                  "type" : "string",
                                  "pattern" : "^(false|true)$"
                                }
                              }
                            }
                          ],
                          "javascript" : [
                            {
                              "extractor_root" : "D:\\codeql\\javascript",
                              "extractor_options" : {
                                "skip_types" : {
                                  "title" : "Skip type extraction for TypeScript",
                                  "description" : "Whether to skip the extraction of types in a TypeScript application",
                                  "type" : "string",
                                  "pattern" : "^(false|true)$"
                                }
                              }
                            }
                          ],
                          "properties" : [
                            {
                              "extractor_root" : "D:\\codeql\\properties"
                            }
                          ],
                          "python" : [
                            {
                              "extractor_root" : "D:\\codeql\\python",
                              "extractor_options" : {
                                "logging" : {
                                  "title" : "Options pertaining to logging.",
                                  "description" : "Options pertaining to logging.",
                                  "type" : "object",
                                  "properties" : {
                                    "verbosity" : {
                                      "title" : "Python extractor logging verbosity level.",
                                      "description" : "Controls the level of verbosity of the CodeQL Python extractor.\nThe supported levels are (in order of increasing verbosity):\n\n  - off\n  - errors\n  - warnings\n  - info or progress\n  - debug or progress+\n  - trace or progress++\n  - progress+++\n",
                                      "type" : "string",
                                      "pattern" : "^(off|errors|warnings|(info|progress)|(debug|progress\\+)|(trace|progress\\+\\+)|progress\\+\\+\\+)$"
                                    }
                                  }
                                },
                                "python_executable_name" : {
                                  "title" : "Controls the name of the Python executable used by the Python extractor.",
                                  "description" : "The Python extractor uses platform-dependent heuristics to determine the name of the Python executable to use. Specifying a value for this option overrides the name of the Python executable used by the extractor. Accepted values are py, python and python3. Use this setting with caution, the Python extractor requires Python 3 to run.\n",
                                  "type" : "string",
                                  "pattern" : "^(py|python|python3)$"
                                }
                              }
                            }
                          ],
                          "ruby" : [
                            {
                              "extractor_root" : "D:\\codeql\\ruby",
                              "extractor_options" : {
                                "trap" : {
                                  "title" : "Options pertaining to TRAP.",
                                  "description" : "Options pertaining to TRAP.",
                                  "type" : "object",
                                  "properties" : {
                                    "compression" : {
                                      "title" : "Controls compression for the TRAP files written by the extractor.",
                                      "description" : "This option is only intended for use in debugging the extractor. Accepted values are 'gzip' (the default, to write gzip-compressed TRAP) and 'none' (to write uncompressed TRAP).\n",
                                      "type" : "string",
                                      "pattern" : "^(none|gzip)$"
                                    }
                                  }
                                }
                              }
                            }
                          ],
                          "swift" : [
                            {
                              "extractor_root" : "D:\\codeql\\swift"
                            }
                          ],
                          "xml" : [
                            {
                              "extractor_root" : "D:\\codeql\\xml"
                            }
                          ],
                          "yaml" : [
                            {
                              "extractor_root" : "D:\\codeql\\yaml"
                            }
                          ]
                        }
                      }
[2024-09-01 21:59:26] [PROGRESS] database init> Calculating baseline information in C:\Users\Twisl\Desktop\unimp-checker\real_case
[2024-09-01 21:59:26] [SPAMMY] database init> Ignoring the following directories when processing baseline information: .git, .hg, .svn.
[2024-09-01 21:59:26] [DETAILS] database init> Running command in C:\Users\Twisl\Desktop\unimp-checker\real_case: D:\codeql\tools\win64\scc.exe --by-file --exclude-dir .git,.hg,.svn --format json --no-large --no-min .
[2024-09-01 21:59:27] Using configure-baseline script D:\codeql\go\tools\configure-baseline.cmd.
[2024-09-01 21:59:27] [PROGRESS] database init> Running command in C:\Users\Twisl\Desktop\unimp-checker\real_case: [D:\codeql\go\tools\configure-baseline.cmd]
[2024-09-01 21:59:27] [SPAMMY] database init> Found 46 baseline files for go.
[2024-09-01 21:59:27] [SPAMMY] database init> Found 3 baseline files for java.
[2024-09-01 21:59:27] [PROGRESS] database init> Calculated baseline information for languages: go, java (206ms).
[2024-09-01 21:59:27] [PROGRESS] database init> Resolving extractor go.
[2024-09-01 21:59:27] [DETAILS] database init> Found candidate extractor root for go: D:\codeql\go.
[2024-09-01 21:59:27] [PROGRESS] database init> Successfully loaded extractor Go (go) from D:\codeql\go.
[2024-09-01 21:59:27] [PROGRESS] database init> Created skeleton CodeQL database at C:\Users\Twisl\Desktop\unimp-checker\database. This in-progress database is ready to be populated by an extractor.
[2024-09-01 21:59:27] Plumbing command codeql database init completed.
[2024-09-01 21:59:27] Using autobuild script D:\codeql\go\tools\autobuild.cmd.
[2024-09-01 21:59:27] [DETAILS] database create> Detected autobuild command for Go: D:\codeql\go\tools\autobuild.cmd.
[2024-09-01 21:59:27] [PROGRESS] database create> Running build command: [D:\codeql\go\tools\autobuild.cmd]
[2024-09-01 21:59:27] Running plumbing command: codeql database trace-command --working-dir=C:\Users\Twisl\Desktop\unimp-checker\real_case --index-traceless-dbs --no-db-cluster -- C:\Users\Twisl\Desktop\unimp-checker\database D:\codeql\go\tools\autobuild.cmd
[2024-09-01 21:59:27] [PROGRESS] database trace-command> Running command in C:\Users\Twisl\Desktop\unimp-checker\real_case: [D:\codeql\go\tools\autobuild.cmd]
[2024-09-01 21:59:27] [build-stderr] 2024/09/01 21:59:27 Autobuilder was built with go1.22.2, environment has go1.20.3
[2024-09-01 21:59:27] [build-stderr] 2024/09/01 21:59:27 LGTM_SRC is C:\Users\Twisl\Desktop\unimp-checker\real_case
[2024-09-01 21:59:27] [build-stderr] 2024/09/01 21:59:27 Found no go.work files in the workspace; looking for go.mod files...
[2024-09-01 21:59:27] [build-stderr] 2024/09/01 21:59:27 Found 1 go.mod file(s).
[2024-09-01 21:59:27] [build-stderr] 2024/09/01 21:59:27 Unable to determine import path, as neither LGTM_INDEX_IMPORT_PATH nor GITHUB_REPOSITORY is set
[2024-09-01 21:59:28] [build-stderr] go: finding module for package github.com/operator-framework/operator-sdk/pkg/leader
[2024-09-01 21:59:28] [build-stderr] go: finding module for package github.com/operator-framework/operator-sdk/pkg/test
[2024-09-01 21:59:28] [build-stderr] go: finding module for package github.com/operator-framework/operator-sdk/pkg/k8sutil
[2024-09-01 21:59:28] [build-stderr] go: finding module for package github.com/operator-framework/operator-sdk/pkg/test/e2eutil
[2024-09-01 21:59:28] [build-stderr] go: finding module for package k8s.io/client-go/applyconfigurations/core/v1
[2024-09-01 21:59:28] [build-stderr] go: finding module for package github.com/operator-framework/operator-sdk/version
[2024-09-01 21:59:28] [build-stderr] go: finding module for package k8s.io/api/policy/v1
[2024-09-01 21:59:28] [build-stderr] go: finding module for package github.com/operator-framework/operator-sdk/pkg/predicate
[2024-09-01 21:59:30] [build-stderr] github.com/pravega/zookeeper-operator/cmd/exporter imports
[2024-09-01 21:59:30] [build-stderr] 	github.com/operator-framework/operator-sdk/version: module github.com/operator-framework/operator-sdk@latest found (v1.36.1), but does not contain package github.com/operator-framework/operator-sdk/version
[2024-09-01 21:59:30] [build-stderr] github.com/pravega/zookeeper-operator/cmd/manager imports
[2024-09-01 21:59:30] [build-stderr] 	github.com/operator-framework/operator-sdk/pkg/k8sutil: module github.com/operator-framework/operator-sdk@latest found (v1.36.1), but does not contain package github.com/operator-framework/operator-sdk/pkg/k8sutil
[2024-09-01 21:59:30] [build-stderr] github.com/pravega/zookeeper-operator/cmd/manager imports
[2024-09-01 21:59:30] [build-stderr] 	github.com/operator-framework/operator-sdk/pkg/leader: module github.com/operator-framework/operator-sdk@latest found (v1.36.1), but does not contain package github.com/operator-framework/operator-sdk/pkg/leader
[2024-09-01 21:59:30] [build-stderr] github.com/pravega/zookeeper-operator/pkg/controller/zookeepercluster imports
[2024-09-01 21:59:30] [build-stderr] 	github.com/operator-framework/operator-sdk/pkg/predicate: module github.com/operator-framework/operator-sdk@latest found (v1.36.1), but does not contain package github.com/operator-framework/operator-sdk/pkg/predicate
[2024-09-01 21:59:30] [build-stderr] github.com/pravega/zookeeper-operator/pkg/test/e2e/e2eutil imports
[2024-09-01 21:59:30] [build-stderr] 	github.com/operator-framework/operator-sdk/pkg/test: module github.com/operator-framework/operator-sdk@latest found (v1.36.1), but does not contain package github.com/operator-framework/operator-sdk/pkg/test
[2024-09-01 21:59:30] [build-stderr] github.com/pravega/zookeeper-operator/pkg/controller/zookeepercluster imports
[2024-09-01 21:59:30] [build-stderr] 	sigs.k8s.io/controller-runtime/pkg/client/fake imports
[2024-09-01 21:59:30] [build-stderr] 	k8s.io/api/policy/v1: module k8s.io/api@latest found (v0.31.0, replaced by k8s.io/api@v0.19.13), but does not contain package k8s.io/api/policy/v1
[2024-09-01 21:59:30] [build-stderr] github.com/pravega/zookeeper-operator/test/e2e tested by
[2024-09-01 21:59:30] [build-stderr] 	github.com/pravega/zookeeper-operator/test/e2e.test imports
[2024-09-01 21:59:30] [build-stderr] 	github.com/operator-framework/operator-sdk/pkg/test/e2eutil: module github.com/operator-framework/operator-sdk@latest found (v1.36.1), but does not contain package github.com/operator-framework/operator-sdk/pkg/test/e2eutil
[2024-09-01 21:59:30] [build-stderr] github.com/pravega/zookeeper-operator/pkg/controller/zookeepercluster imports
[2024-09-01 21:59:30] [build-stderr] 	sigs.k8s.io/controller-runtime/pkg/client tested by
[2024-09-01 21:59:30] [build-stderr] 	sigs.k8s.io/controller-runtime/pkg/client.test imports
[2024-09-01 21:59:30] [build-stderr] 	k8s.io/client-go/applyconfigurations/core/v1: module k8s.io/client-go@latest found (v1.5.2, replaced by k8s.io/client-go@v0.19.13), but does not contain package k8s.io/client-go/applyconfigurations/core/v1
[2024-09-01 21:59:30] [build-stderr] 2024/09/01 21:59:30 We have run `go mod tidy -e` and it altered go.sum. You may wish to check these changes into version control. 
[2024-09-01 21:59:30] [build-stderr] 2024/09/01 21:59:30 Makefile found.
[2024-09-01 21:59:30] [build-stderr] 2024/09/01 21:59:30 Trying build command make []
[2024-09-01 21:59:31] [build-stderr] make: Interrupt/Exception caught (code = 0xc00000fd, addr = 0x4227d3)
[2024-09-01 21:59:31] [build-stderr] 2024/09/01 21:59:31 Running C:\Program Files (x86)\GnuWin32\bin\make.exe [make] failed, continuing anyway: exit status 255
[2024-09-01 21:59:31] [build-stderr] 2024/09/01 21:59:31 makefile found.
[2024-09-01 21:59:31] [build-stderr] 2024/09/01 21:59:31 Trying build command make []
[2024-09-01 21:59:31] [build-stderr] make: Interrupt/Exception caught (code = 0xc00000fd, addr = 0x4227d3)
[2024-09-01 21:59:31] [build-stderr] 2024/09/01 21:59:31 Running C:\Program Files (x86)\GnuWin32\bin\make.exe [make] failed, continuing anyway: exit status 255
[2024-09-01 21:59:31] [build-stderr] 2024/09/01 21:59:31 Unsuccessfully ran 2 build scripts(s), continuing to install dependencies in the normal way.
[2024-09-01 21:59:31] [build-stderr] 2024/09/01 21:59:31 Installing dependencies using `go get -v ./...` in `.`.
