[2024-09-02 11:50:03] This is codeql database index-files --working-dir=. --include-extension=.htm --include-extension=.html --include-extension=.xhtm --include-extension=.xhtml --include-extension=.vue --size-limit 10m --language html -- C:\Users\Twisl\Desktop\unimp-checker\database
[2024-09-02 11:50:03] Log file was started late.
[2024-09-02 11:50:03] Using index-files script D:\codeql\html\tools\index-files.cmd.
[2024-09-02 11:50:03] [PROGRESS] database index-files> Scanning for files in C:\Users\Twisl\Desktop\unimp-checker\real_case...
[2024-09-02 11:50:03] Calling plumbing command: codeql resolve files --include-extension=.htm --include-extension=.html --include-extension=.xhtm --include-extension=.xhtml --include-extension=.vue --size-limit=10m C:\Users\Twisl\Desktop\unimp-checker\real_case --format=json
[2024-09-02 11:50:03] [PROGRESS] resolve files> Scanning C:\Users\Twisl\Desktop\unimp-checker\real_case...
[2024-09-02 11:50:03] [PROGRESS] resolve files> Scanning C:\Users\Twisl\Desktop\unimp-checker\real_case\.github...
[2024-09-02 11:50:03] [PROGRESS] resolve files> Scanning C:\Users\Twisl\Desktop\unimp-checker\real_case\.github\workflows...
[2024-09-02 11:50:03] [PROGRESS] resolve files> Scanning C:\Users\Twisl\Desktop\unimp-checker\real_case\build...
[2024-09-02 11:50:03] [PROGRESS] resolve files> Scanning C:\Users\Twisl\Desktop\unimp-checker\real_case\charts...
[2024-09-02 11:50:03] [PROGRESS] resolve files> Scanning C:\Users\Twisl\Desktop\unimp-checker\real_case\charts\zookeeper...
[2024-09-02 11:50:03] [PROGRESS] resolve files> Scanning C:\Users\Twisl\Desktop\unimp-checker\real_case\charts\zookeeper\templates...
[2024-09-02 11:50:03] [PROGRESS] resolve files> Scanning C:\Users\Twisl\Desktop\unimp-checker\real_case\charts\zookeeper\values...
[2024-09-02 11:50:03] [PROGRESS] resolve files> Scanning C:\Users\Twisl\Desktop\unimp-checker\real_case\charts\zookeeper-operator...
[2024-09-02 11:50:03] [PROGRESS] resolve files> Scanning C:\Users\Twisl\Desktop\unimp-checker\real_case\charts\zookeeper-operator\templates...
[2024-09-02 11:50:03] [PROGRESS] resolve files> Scanning C:\Users\Twisl\Desktop\unimp-checker\real_case\cmd...
[2024-09-02 11:50:03] [PROGRESS] resolve files> Scanning C:\Users\Twisl\Desktop\unimp-checker\real_case\cmd\exporter...
[2024-09-02 11:50:03] [PROGRESS] resolve files> Scanning C:\Users\Twisl\Desktop\unimp-checker\real_case\cmd\manager...
[2024-09-02 11:50:03] [PROGRESS] resolve files> Scanning C:\Users\Twisl\Desktop\unimp-checker\real_case\deploy...
[2024-09-02 11:50:03] [PROGRESS] resolve files> Scanning C:\Users\Twisl\Desktop\unimp-checker\real_case\deploy\all_ns...
[2024-09-02 11:50:03] [PROGRESS] resolve files> Scanning C:\Users\Twisl\Desktop\unimp-checker\real_case\deploy\cr...
[2024-09-02 11:50:03] [PROGRESS] resolve files> Scanning C:\Users\Twisl\Desktop\unimp-checker\real_case\deploy\cr\ECS...
[2024-09-02 11:50:03] [PROGRESS] resolve files> Scanning C:\Users\Twisl\Desktop\unimp-checker\real_case\deploy\cr\pravega...
[2024-09-02 11:50:03] [PROGRESS] resolve files> Scanning C:\Users\Twisl\Desktop\unimp-checker\real_case\deploy\crds...
[2024-09-02 11:50:03] [PROGRESS] resolve files> Scanning C:\Users\Twisl\Desktop\unimp-checker\real_case\deploy\default_ns...
[2024-09-02 11:50:03] [PROGRESS] resolve files> Scanning C:\Users\Twisl\Desktop\unimp-checker\real_case\doc...
[2024-09-02 11:50:03] [PROGRESS] resolve files> Scanning C:\Users\Twisl\Desktop\unimp-checker\real_case\docker...
[2024-09-02 11:50:03] [PROGRESS] resolve files> Scanning C:\Users\Twisl\Desktop\unimp-checker\real_case\docker\zu...
[2024-09-02 11:50:03] [PROGRESS] resolve files> Scanning C:\Users\Twisl\Desktop\unimp-checker\real_case\docker\zu\gradle...
[2024-09-02 11:50:03] [PROGRESS] resolve files> Scanning C:\Users\Twisl\Desktop\unimp-checker\real_case\docker\zu\gradle\wrapper...
[2024-09-02 11:50:03] [PROGRESS] resolve files> Scanning C:\Users\Twisl\Desktop\unimp-checker\real_case\docker\zu\src...
[2024-09-02 11:50:03] [PROGRESS] resolve files> Scanning C:\Users\Twisl\Desktop\unimp-checker\real_case\docker\zu\src\main...
[2024-09-02 11:50:03] [PROGRESS] resolve files> Scanning C:\Users\Twisl\Desktop\unimp-checker\real_case\docker\zu\src\main\java...
[2024-09-02 11:50:03] [PROGRESS] resolve files> Scanning C:\Users\Twisl\Desktop\unimp-checker\real_case\docker\zu\src\main\java\io...
[2024-09-02 11:50:03] [PROGRESS] resolve files> Scanning C:\Users\Twisl\Desktop\unimp-checker\real_case\docker\zu\src\main\java\io\pravega...
[2024-09-02 11:50:03] [PROGRESS] resolve files> Scanning C:\Users\Twisl\Desktop\unimp-checker\real_case\docker\zu\src\main\java\io\pravega\zookeeper...
[2024-09-02 11:50:03] [PROGRESS] resolve files> Scanning C:\Users\Twisl\Desktop\unimp-checker\real_case\pkg...
[2024-09-02 11:50:03] [PROGRESS] resolve files> Scanning C:\Users\Twisl\Desktop\unimp-checker\real_case\pkg\apis...
[2024-09-02 11:50:03] [PROGRESS] resolve files> Scanning C:\Users\Twisl\Desktop\unimp-checker\real_case\pkg\apis\zookeeper...
[2024-09-02 11:50:03] [PROGRESS] resolve files> Scanning C:\Users\Twisl\Desktop\unimp-checker\real_case\pkg\apis\zookeeper\v1beta1...
[2024-09-02 11:50:03] [PROGRESS] resolve files> Scanning C:\Users\Twisl\Desktop\unimp-checker\real_case\pkg\controller...
[2024-09-02 11:50:03] [PROGRESS] resolve files> Scanning C:\Users\Twisl\Desktop\unimp-checker\real_case\pkg\controller\zookeepercluster...
[2024-09-02 11:50:03] [PROGRESS] resolve files> Scanning C:\Users\Twisl\Desktop\unimp-checker\real_case\pkg\test...
[2024-09-02 11:50:03] [PROGRESS] resolve files> Scanning C:\Users\Twisl\Desktop\unimp-checker\real_case\pkg\test\e2e...
[2024-09-02 11:50:03] [PROGRESS] resolve files> Scanning C:\Users\Twisl\Desktop\unimp-checker\real_case\pkg\test\e2e\e2eutil...
[2024-09-02 11:50:03] [PROGRESS] resolve files> Scanning C:\Users\Twisl\Desktop\unimp-checker\real_case\pkg\utils...
[2024-09-02 11:50:03] [PROGRESS] resolve files> Scanning C:\Users\Twisl\Desktop\unimp-checker\real_case\pkg\version...
[2024-09-02 11:50:03] [PROGRESS] resolve files> Scanning C:\Users\Twisl\Desktop\unimp-checker\real_case\pkg\yamlexporter...
[2024-09-02 11:50:03] [PROGRESS] resolve files> Scanning C:\Users\Twisl\Desktop\unimp-checker\real_case\pkg\zk...
[2024-09-02 11:50:03] [PROGRESS] resolve files> Scanning C:\Users\Twisl\Desktop\unimp-checker\real_case\scripts...
[2024-09-02 11:50:03] [PROGRESS] resolve files> Scanning C:\Users\Twisl\Desktop\unimp-checker\real_case\test...
[2024-09-02 11:50:03] [PROGRESS] resolve files> Scanning C:\Users\Twisl\Desktop\unimp-checker\real_case\test\e2e...
[2024-09-02 11:50:03] [PROGRESS] resolve files> Scanning C:\Users\Twisl\Desktop\unimp-checker\real_case\test\e2e\resources...
[2024-09-02 11:50:03] Plumbing command codeql resolve files completed:
                      [ ]
[2024-09-02 11:50:03] [DETAILS] database index-files> Found 0 files.
[2024-09-02 11:50:03] Terminating normally.
